Compilation failed:
    source file: '/Users/ashleyalexander-lee/GitHub/illuminate2D/illuminate2D/include/opencv-4.5.1/cmake/checks/cpu_popcnt.cpp'
    check option: ''
===== BUILD LOG =====
Change Dir: /Users/ashleyalexander-lee/GitHub/illuminate2D/illuminate2D/include/build_opencv/CMakeFiles/CMakeTmp

Run Build Command(s):/usr/bin/make -f Makefile cmTC_19db5/fast && /Library/Developer/CommandLineTools/usr/bin/make  -f CMakeFiles/cmTC_19db5.dir/build.make CMakeFiles/cmTC_19db5.dir/build
Building CXX object CMakeFiles/cmTC_19db5.dir/cpu_popcnt.cpp.o
/Library/Developer/CommandLineTools/usr/bin/c++   -O3 -DNDEBUG -isysroot /Library/Developer/CommandLineTools/SDKs/MacOSX10.15.sdk -fPIE -std=c++11 -MD -MT CMakeFiles/cmTC_19db5.dir/cpu_popcnt.cpp.o -MF CMakeFiles/cmTC_19db5.dir/cpu_popcnt.cpp.o.d -o CMakeFiles/cmTC_19db5.dir/cpu_popcnt.cpp.o -c /Users/ashleyalexander-lee/GitHub/illuminate2D/illuminate2D/include/opencv-4.5.1/cmake/checks/cpu_popcnt.cpp
/Users/ashleyalexander-lee/GitHub/illuminate2D/illuminate2D/include/opencv-4.5.1/cmake/checks/cpu_popcnt.cpp:14:4: error: "__POPCNT__ is not defined by compiler"
#  error "__POPCNT__ is not defined by compiler"
   ^
/Users/ashleyalexander-lee/GitHub/illuminate2D/illuminate2D/include/opencv-4.5.1/cmake/checks/cpu_popcnt.cpp:22:13: error: use of undeclared identifier 'CV_POPCNT_U32'
    int j = CV_POPCNT_U32(1);
            ^
2 errors generated.
make[1]: *** [CMakeFiles/cmTC_19db5.dir/cpu_popcnt.cpp.o] Error 1
make: *** [cmTC_19db5/fast] Error 2


===== END =====

Compilation failed:
    source file: '/Users/ashleyalexander-lee/GitHub/illuminate2D/illuminate2D/include/opencv-4.5.1/cmake/checks/cpu_sse42.cpp'
    check option: ''
===== BUILD LOG =====
Change Dir: /Users/ashleyalexander-lee/GitHub/illuminate2D/illuminate2D/include/build_opencv/CMakeFiles/CMakeTmp

Run Build Command(s):/usr/bin/make -f Makefile cmTC_d29f1/fast && /Library/Developer/CommandLineTools/usr/bin/make  -f CMakeFiles/cmTC_d29f1.dir/build.make CMakeFiles/cmTC_d29f1.dir/build
Building CXX object CMakeFiles/cmTC_d29f1.dir/cpu_sse42.cpp.o
/Library/Developer/CommandLineTools/usr/bin/c++   -O3 -DNDEBUG -isysroot /Library/Developer/CommandLineTools/SDKs/MacOSX10.15.sdk -fPIE -std=c++11 -MD -MT CMakeFiles/cmTC_d29f1.dir/cpu_sse42.cpp.o -MF CMakeFiles/cmTC_d29f1.dir/cpu_sse42.cpp.o.d -o CMakeFiles/cmTC_d29f1.dir/cpu_sse42.cpp.o -c /Users/ashleyalexander-lee/GitHub/illuminate2D/illuminate2D/include/opencv-4.5.1/cmake/checks/cpu_sse42.cpp
/Users/ashleyalexander-lee/GitHub/illuminate2D/illuminate2D/include/opencv-4.5.1/cmake/checks/cpu_sse42.cpp:5:24: error: always_inline function '_mm_crc32_u8' requires target feature 'sse4.2', but would be inlined into function 'main' that is compiled without support for 'sse4.2'
    unsigned int res = _mm_crc32_u8(1, 2);
                       ^
1 error generated.
make[1]: *** [CMakeFiles/cmTC_d29f1.dir/cpu_sse42.cpp.o] Error 1
make: *** [cmTC_d29f1/fast] Error 2


===== END =====

Compilation failed:
    source file: '/Users/ashleyalexander-lee/GitHub/illuminate2D/illuminate2D/include/opencv-4.5.1/cmake/checks/cpu_fp16.cpp'
    check option: ''
===== BUILD LOG =====
Change Dir: /Users/ashleyalexander-lee/GitHub/illuminate2D/illuminate2D/include/build_opencv/CMakeFiles/CMakeTmp

Run Build Command(s):/usr/bin/make -f Makefile cmTC_8af4c/fast && /Library/Developer/CommandLineTools/usr/bin/make  -f CMakeFiles/cmTC_8af4c.dir/build.make CMakeFiles/cmTC_8af4c.dir/build
Building CXX object CMakeFiles/cmTC_8af4c.dir/cpu_fp16.cpp.o
/Library/Developer/CommandLineTools/usr/bin/c++   -O3 -DNDEBUG -isysroot /Library/Developer/CommandLineTools/SDKs/MacOSX10.15.sdk -fPIE -std=c++11 -MD -MT CMakeFiles/cmTC_8af4c.dir/cpu_fp16.cpp.o -MF CMakeFiles/cmTC_8af4c.dir/cpu_fp16.cpp.o.d -o CMakeFiles/cmTC_8af4c.dir/cpu_fp16.cpp.o -c /Users/ashleyalexander-lee/GitHub/illuminate2D/illuminate2D/include/opencv-4.5.1/cmake/checks/cpu_fp16.cpp
/Users/ashleyalexander-lee/GitHub/illuminate2D/illuminate2D/include/opencv-4.5.1/cmake/checks/cpu_fp16.cpp:26:2: error: "FP16 is not supported"
#error "FP16 is not supported"
 ^
/Users/ashleyalexander-lee/GitHub/illuminate2D/illuminate2D/include/opencv-4.5.1/cmake/checks/cpu_fp16.cpp:31:18: error: use of undeclared identifier 'test'
  printf("%d\n", test());
                 ^
2 errors generated.
make[1]: *** [CMakeFiles/cmTC_8af4c.dir/cpu_fp16.cpp.o] Error 1
make: *** [cmTC_8af4c/fast] Error 2


===== END =====

Compilation failed:
    source file: '/Users/ashleyalexander-lee/GitHub/illuminate2D/illuminate2D/include/opencv-4.5.1/cmake/checks/cpu_avx.cpp'
    check option: ''
===== BUILD LOG =====
Change Dir: /Users/ashleyalexander-lee/GitHub/illuminate2D/illuminate2D/include/build_opencv/CMakeFiles/CMakeTmp

Run Build Command(s):/usr/bin/make -f Makefile cmTC_2c805/fast && /Library/Developer/CommandLineTools/usr/bin/make  -f CMakeFiles/cmTC_2c805.dir/build.make CMakeFiles/cmTC_2c805.dir/build
Building CXX object CMakeFiles/cmTC_2c805.dir/cpu_avx.cpp.o
/Library/Developer/CommandLineTools/usr/bin/c++   -O3 -DNDEBUG -isysroot /Library/Developer/CommandLineTools/SDKs/MacOSX10.15.sdk -fPIE -std=c++11 -MD -MT CMakeFiles/cmTC_2c805.dir/cpu_avx.cpp.o -MF CMakeFiles/cmTC_2c805.dir/cpu_avx.cpp.o.d -o CMakeFiles/cmTC_2c805.dir/cpu_avx.cpp.o -c /Users/ashleyalexander-lee/GitHub/illuminate2D/illuminate2D/include/opencv-4.5.1/cmake/checks/cpu_avx.cpp
/Users/ashleyalexander-lee/GitHub/illuminate2D/illuminate2D/include/opencv-4.5.1/cmake/checks/cpu_avx.cpp:2:2: error: "__AVX__ define is missing"
#error "__AVX__ define is missing"
 ^
1 error generated.
make[1]: *** [CMakeFiles/cmTC_2c805.dir/cpu_avx.cpp.o] Error 1
make: *** [cmTC_2c805/fast] Error 2


===== END =====

Compilation failed:
    source file: '/Users/ashleyalexander-lee/GitHub/illuminate2D/illuminate2D/include/opencv-4.5.1/cmake/checks/cpu_avx2.cpp'
    check option: ''
===== BUILD LOG =====
Change Dir: /Users/ashleyalexander-lee/GitHub/illuminate2D/illuminate2D/include/build_opencv/CMakeFiles/CMakeTmp

Run Build Command(s):/usr/bin/make -f Makefile cmTC_e3e37/fast && /Library/Developer/CommandLineTools/usr/bin/make  -f CMakeFiles/cmTC_e3e37.dir/build.make CMakeFiles/cmTC_e3e37.dir/build
Building CXX object CMakeFiles/cmTC_e3e37.dir/cpu_avx2.cpp.o
/Library/Developer/CommandLineTools/usr/bin/c++   -O3 -DNDEBUG -isysroot /Library/Developer/CommandLineTools/SDKs/MacOSX10.15.sdk -fPIE -std=c++11 -MD -MT CMakeFiles/cmTC_e3e37.dir/cpu_avx2.cpp.o -MF CMakeFiles/cmTC_e3e37.dir/cpu_avx2.cpp.o.d -o CMakeFiles/cmTC_e3e37.dir/cpu_avx2.cpp.o -c /Users/ashleyalexander-lee/GitHub/illuminate2D/illuminate2D/include/opencv-4.5.1/cmake/checks/cpu_avx2.cpp
/Users/ashleyalexander-lee/GitHub/illuminate2D/illuminate2D/include/opencv-4.5.1/cmake/checks/cpu_avx2.cpp:2:2: error: "__AVX2__ define is missing"
#error "__AVX2__ define is missing"
 ^
1 error generated.
make[1]: *** [CMakeFiles/cmTC_e3e37.dir/cpu_avx2.cpp.o] Error 1
make: *** [cmTC_e3e37/fast] Error 2


===== END =====

Compilation failed:
    source file: '/Users/ashleyalexander-lee/GitHub/illuminate2D/illuminate2D/include/opencv-4.5.1/cmake/checks/cpu_avx512.cpp'
    check option: ''
===== BUILD LOG =====
Change Dir: /Users/ashleyalexander-lee/GitHub/illuminate2D/illuminate2D/include/build_opencv/CMakeFiles/CMakeTmp

Run Build Command(s):/usr/bin/make -f Makefile cmTC_f0afa/fast && /Library/Developer/CommandLineTools/usr/bin/make  -f CMakeFiles/cmTC_f0afa.dir/build.make CMakeFiles/cmTC_f0afa.dir/build
Building CXX object CMakeFiles/cmTC_f0afa.dir/cpu_avx512.cpp.o
/Library/Developer/CommandLineTools/usr/bin/c++   -O3 -DNDEBUG -isysroot /Library/Developer/CommandLineTools/SDKs/MacOSX10.15.sdk -fPIE -std=c++11 -MD -MT CMakeFiles/cmTC_f0afa.dir/cpu_avx512.cpp.o -MF CMakeFiles/cmTC_f0afa.dir/cpu_avx512.cpp.o.d -o CMakeFiles/cmTC_f0afa.dir/cpu_avx512.cpp.o -c /Users/ashleyalexander-lee/GitHub/illuminate2D/illuminate2D/include/opencv-4.5.1/cmake/checks/cpu_avx512.cpp
/Users/ashleyalexander-lee/GitHub/illuminate2D/illuminate2D/include/opencv-4.5.1/cmake/checks/cpu_avx512.cpp:11:2: error: "AVX512 is not supported"
#error "AVX512 is not supported"
 ^
1 error generated.
make[1]: *** [CMakeFiles/cmTC_f0afa.dir/cpu_avx512.cpp.o] Error 1
make: *** [cmTC_f0afa/fast] Error 2


===== END =====

Compilation failed:
    source file: '/Users/ashleyalexander-lee/GitHub/illuminate2D/illuminate2D/include/opencv-4.5.1/cmake/checks/cpu_avx512common.cpp'
    check option: ''
===== BUILD LOG =====
Change Dir: /Users/ashleyalexander-lee/GitHub/illuminate2D/illuminate2D/include/build_opencv/CMakeFiles/CMakeTmp

Run Build Command(s):/usr/bin/make -f Makefile cmTC_f0997/fast && /Library/Developer/CommandLineTools/usr/bin/make  -f CMakeFiles/cmTC_f0997.dir/build.make CMakeFiles/cmTC_f0997.dir/build
Building CXX object CMakeFiles/cmTC_f0997.dir/cpu_avx512common.cpp.o
/Library/Developer/CommandLineTools/usr/bin/c++   -O3 -DNDEBUG -isysroot /Library/Developer/CommandLineTools/SDKs/MacOSX10.15.sdk -fPIE -std=c++11 -MD -MT CMakeFiles/cmTC_f0997.dir/cpu_avx512common.cpp.o -MF CMakeFiles/cmTC_f0997.dir/cpu_avx512common.cpp.o.d -o CMakeFiles/cmTC_f0997.dir/cpu_avx512common.cpp.o -c /Users/ashleyalexander-lee/GitHub/illuminate2D/illuminate2D/include/opencv-4.5.1/cmake/checks/cpu_avx512common.cpp
/Users/ashleyalexander-lee/GitHub/illuminate2D/illuminate2D/include/opencv-4.5.1/cmake/checks/cpu_avx512common.cpp:12:2: error: "AVX512-COMMON is not supported"
#error "AVX512-COMMON is not supported"
 ^
1 error generated.
make[1]: *** [CMakeFiles/cmTC_f0997.dir/cpu_avx512common.cpp.o] Error 1
make: *** [cmTC_f0997/fast] Error 2


===== END =====

Compilation failed:
    source file: '/Users/ashleyalexander-lee/GitHub/illuminate2D/illuminate2D/include/opencv-4.5.1/cmake/checks/cpu_avx512knl.cpp'
    check option: ''
===== BUILD LOG =====
Change Dir: /Users/ashleyalexander-lee/GitHub/illuminate2D/illuminate2D/include/build_opencv/CMakeFiles/CMakeTmp

Run Build Command(s):/usr/bin/make -f Makefile cmTC_aa60d/fast && /Library/Developer/CommandLineTools/usr/bin/make  -f CMakeFiles/cmTC_aa60d.dir/build.make CMakeFiles/cmTC_aa60d.dir/build
Building CXX object CMakeFiles/cmTC_aa60d.dir/cpu_avx512knl.cpp.o
/Library/Developer/CommandLineTools/usr/bin/c++   -O3 -DNDEBUG -isysroot /Library/Developer/CommandLineTools/SDKs/MacOSX10.15.sdk -fPIE -std=c++11 -MD -MT CMakeFiles/cmTC_aa60d.dir/cpu_avx512knl.cpp.o -MF CMakeFiles/cmTC_aa60d.dir/cpu_avx512knl.cpp.o.d -o CMakeFiles/cmTC_aa60d.dir/cpu_avx512knl.cpp.o -c /Users/ashleyalexander-lee/GitHub/illuminate2D/illuminate2D/include/opencv-4.5.1/cmake/checks/cpu_avx512knl.cpp
/Users/ashleyalexander-lee/GitHub/illuminate2D/illuminate2D/include/opencv-4.5.1/cmake/checks/cpu_avx512knl.cpp:14:2: error: "AVX512-KNL is not supported"
#error "AVX512-KNL is not supported"
 ^
1 error generated.
make[1]: *** [CMakeFiles/cmTC_aa60d.dir/cpu_avx512knl.cpp.o] Error 1
make: *** [cmTC_aa60d/fast] Error 2


===== END =====

Compilation failed:
    source file: '/Users/ashleyalexander-lee/GitHub/illuminate2D/illuminate2D/include/opencv-4.5.1/cmake/checks/cpu_avx512knm.cpp'
    check option: ''
===== BUILD LOG =====
Change Dir: /Users/ashleyalexander-lee/GitHub/illuminate2D/illuminate2D/include/build_opencv/CMakeFiles/CMakeTmp

Run Build Command(s):/usr/bin/make -f Makefile cmTC_2a59f/fast && /Library/Developer/CommandLineTools/usr/bin/make  -f CMakeFiles/cmTC_2a59f.dir/build.make CMakeFiles/cmTC_2a59f.dir/build
Building CXX object CMakeFiles/cmTC_2a59f.dir/cpu_avx512knm.cpp.o
/Library/Developer/CommandLineTools/usr/bin/c++   -O3 -DNDEBUG -isysroot /Library/Developer/CommandLineTools/SDKs/MacOSX10.15.sdk -fPIE -std=c++11 -MD -MT CMakeFiles/cmTC_2a59f.dir/cpu_avx512knm.cpp.o -MF CMakeFiles/cmTC_2a59f.dir/cpu_avx512knm.cpp.o.d -o CMakeFiles/cmTC_2a59f.dir/cpu_avx512knm.cpp.o -c /Users/ashleyalexander-lee/GitHub/illuminate2D/illuminate2D/include/opencv-4.5.1/cmake/checks/cpu_avx512knm.cpp
/Users/ashleyalexander-lee/GitHub/illuminate2D/illuminate2D/include/opencv-4.5.1/cmake/checks/cpu_avx512knm.cpp:15:2: error: "AVX512-KNM is not supported"
#error "AVX512-KNM is not supported"
 ^
1 error generated.
make[1]: *** [CMakeFiles/cmTC_2a59f.dir/cpu_avx512knm.cpp.o] Error 1
make: *** [cmTC_2a59f/fast] Error 2


===== END =====

Compilation failed:
    source file: '/Users/ashleyalexander-lee/GitHub/illuminate2D/illuminate2D/include/opencv-4.5.1/cmake/checks/cpu_avx512knm.cpp'
    check option: ' -mavx512f -mavx512cd -mavx512er -mavx512pf -mavx5124fmaps -mavx5124vnniw -mavx512vpopcntdq'
===== BUILD LOG =====
Change Dir: /Users/ashleyalexander-lee/GitHub/illuminate2D/illuminate2D/include/build_opencv/CMakeFiles/CMakeTmp

Run Build Command(s):/usr/bin/make -f Makefile cmTC_12ede/fast && /Library/Developer/CommandLineTools/usr/bin/make  -f CMakeFiles/cmTC_12ede.dir/build.make CMakeFiles/cmTC_12ede.dir/build
Building CXX object CMakeFiles/cmTC_12ede.dir/cpu_avx512knm.cpp.o
/Library/Developer/CommandLineTools/usr/bin/c++   -O3 -DNDEBUG -isysroot /Library/Developer/CommandLineTools/SDKs/MacOSX10.15.sdk -fPIE    -mavx512f -mavx512cd -mavx512er -mavx512pf -mavx5124fmaps -mavx5124vnniw -mavx512vpopcntdq -std=c++11 -MD -MT CMakeFiles/cmTC_12ede.dir/cpu_avx512knm.cpp.o -MF CMakeFiles/cmTC_12ede.dir/cpu_avx512knm.cpp.o.d -o CMakeFiles/cmTC_12ede.dir/cpu_avx512knm.cpp.o -c /Users/ashleyalexander-lee/GitHub/illuminate2D/illuminate2D/include/opencv-4.5.1/cmake/checks/cpu_avx512knm.cpp
clang: error: unknown argument: '-mavx5124fmaps'
clang: error: unknown argument: '-mavx5124vnniw'
make[1]: *** [CMakeFiles/cmTC_12ede.dir/cpu_avx512knm.cpp.o] Error 1
make: *** [cmTC_12ede/fast] Error 2


===== END =====

Compilation failed:
    source file: '/Users/ashleyalexander-lee/GitHub/illuminate2D/illuminate2D/include/opencv-4.5.1/cmake/checks/cpu_avx512skx.cpp'
    check option: ''
===== BUILD LOG =====
Change Dir: /Users/ashleyalexander-lee/GitHub/illuminate2D/illuminate2D/include/build_opencv/CMakeFiles/CMakeTmp

Run Build Command(s):/usr/bin/make -f Makefile cmTC_6f11d/fast && /Library/Developer/CommandLineTools/usr/bin/make  -f CMakeFiles/cmTC_6f11d.dir/build.make CMakeFiles/cmTC_6f11d.dir/build
Building CXX object CMakeFiles/cmTC_6f11d.dir/cpu_avx512skx.cpp.o
/Library/Developer/CommandLineTools/usr/bin/c++   -O3 -DNDEBUG -isysroot /Library/Developer/CommandLineTools/SDKs/MacOSX10.15.sdk -fPIE -std=c++11 -MD -MT CMakeFiles/cmTC_6f11d.dir/cpu_avx512skx.cpp.o -MF CMakeFiles/cmTC_6f11d.dir/cpu_avx512skx.cpp.o.d -o CMakeFiles/cmTC_6f11d.dir/cpu_avx512skx.cpp.o -c /Users/ashleyalexander-lee/GitHub/illuminate2D/illuminate2D/include/opencv-4.5.1/cmake/checks/cpu_avx512skx.cpp
/Users/ashleyalexander-lee/GitHub/illuminate2D/illuminate2D/include/opencv-4.5.1/cmake/checks/cpu_avx512skx.cpp:30:2: error: "AVX512-SKX is not supported"
#error "AVX512-SKX is not supported"
 ^
1 error generated.
make[1]: *** [CMakeFiles/cmTC_6f11d.dir/cpu_avx512skx.cpp.o] Error 1
make: *** [cmTC_6f11d/fast] Error 2


===== END =====

Compilation failed:
    source file: '/Users/ashleyalexander-lee/GitHub/illuminate2D/illuminate2D/include/opencv-4.5.1/cmake/checks/cpu_avx512cnl.cpp'
    check option: ''
===== BUILD LOG =====
Change Dir: /Users/ashleyalexander-lee/GitHub/illuminate2D/illuminate2D/include/build_opencv/CMakeFiles/CMakeTmp

Run Build Command(s):/usr/bin/make -f Makefile cmTC_ccffc/fast && /Library/Developer/CommandLineTools/usr/bin/make  -f CMakeFiles/cmTC_ccffc.dir/build.make CMakeFiles/cmTC_ccffc.dir/build
Building CXX object CMakeFiles/cmTC_ccffc.dir/cpu_avx512cnl.cpp.o
/Library/Developer/CommandLineTools/usr/bin/c++   -O3 -DNDEBUG -isysroot /Library/Developer/CommandLineTools/SDKs/MacOSX10.15.sdk -fPIE -std=c++11 -MD -MT CMakeFiles/cmTC_ccffc.dir/cpu_avx512cnl.cpp.o -MF CMakeFiles/cmTC_ccffc.dir/cpu_avx512cnl.cpp.o.d -o CMakeFiles/cmTC_ccffc.dir/cpu_avx512cnl.cpp.o -c /Users/ashleyalexander-lee/GitHub/illuminate2D/illuminate2D/include/opencv-4.5.1/cmake/checks/cpu_avx512cnl.cpp
/Users/ashleyalexander-lee/GitHub/illuminate2D/illuminate2D/include/opencv-4.5.1/cmake/checks/cpu_avx512cnl.cpp:10:2: error: "AVX512-CNL is not supported"
#error "AVX512-CNL is not supported"
 ^
1 error generated.
make[1]: *** [CMakeFiles/cmTC_ccffc.dir/cpu_avx512cnl.cpp.o] Error 1
make: *** [cmTC_ccffc/fast] Error 2


===== END =====

Compilation failed:
    source file: '/Users/ashleyalexander-lee/GitHub/illuminate2D/illuminate2D/include/opencv-4.5.1/cmake/checks/cpu_avx512clx.cpp'
    check option: ''
===== BUILD LOG =====
Change Dir: /Users/ashleyalexander-lee/GitHub/illuminate2D/illuminate2D/include/build_opencv/CMakeFiles/CMakeTmp

Run Build Command(s):/usr/bin/make -f Makefile cmTC_42cd5/fast && /Library/Developer/CommandLineTools/usr/bin/make  -f CMakeFiles/cmTC_42cd5.dir/build.make CMakeFiles/cmTC_42cd5.dir/build
Building CXX object CMakeFiles/cmTC_42cd5.dir/cpu_avx512clx.cpp.o
/Library/Developer/CommandLineTools/usr/bin/c++   -O3 -DNDEBUG -isysroot /Library/Developer/CommandLineTools/SDKs/MacOSX10.15.sdk -fPIE -std=c++11 -MD -MT CMakeFiles/cmTC_42cd5.dir/cpu_avx512clx.cpp.o -MF CMakeFiles/cmTC_42cd5.dir/cpu_avx512clx.cpp.o.d -o CMakeFiles/cmTC_42cd5.dir/cpu_avx512clx.cpp.o -c /Users/ashleyalexander-lee/GitHub/illuminate2D/illuminate2D/include/opencv-4.5.1/cmake/checks/cpu_avx512clx.cpp
/Users/ashleyalexander-lee/GitHub/illuminate2D/illuminate2D/include/opencv-4.5.1/cmake/checks/cpu_avx512clx.cpp:9:2: error: "AVX512-CLX is not supported"
#error "AVX512-CLX is not supported"
 ^
1 error generated.
make[1]: *** [CMakeFiles/cmTC_42cd5.dir/cpu_avx512clx.cpp.o] Error 1
make: *** [cmTC_42cd5/fast] Error 2


===== END =====

Compilation failed:
    source file: '/Users/ashleyalexander-lee/GitHub/illuminate2D/illuminate2D/include/opencv-4.5.1/cmake/checks/cpu_avx512icl.cpp'
    check option: ''
===== BUILD LOG =====
Change Dir: /Users/ashleyalexander-lee/GitHub/illuminate2D/illuminate2D/include/build_opencv/CMakeFiles/CMakeTmp

Run Build Command(s):/usr/bin/make -f Makefile cmTC_76039/fast && /Library/Developer/CommandLineTools/usr/bin/make  -f CMakeFiles/cmTC_76039.dir/build.make CMakeFiles/cmTC_76039.dir/build
Building CXX object CMakeFiles/cmTC_76039.dir/cpu_avx512icl.cpp.o
/Library/Developer/CommandLineTools/usr/bin/c++   -O3 -DNDEBUG -isysroot /Library/Developer/CommandLineTools/SDKs/MacOSX10.15.sdk -fPIE -std=c++11 -MD -MT CMakeFiles/cmTC_76039.dir/cpu_avx512icl.cpp.o -MF CMakeFiles/cmTC_76039.dir/cpu_avx512icl.cpp.o.d -o CMakeFiles/cmTC_76039.dir/cpu_avx512icl.cpp.o -c /Users/ashleyalexander-lee/GitHub/illuminate2D/illuminate2D/include/opencv-4.5.1/cmake/checks/cpu_avx512icl.cpp
/Users/ashleyalexander-lee/GitHub/illuminate2D/illuminate2D/include/opencv-4.5.1/cmake/checks/cpu_avx512icl.cpp:12:2: error: "AVX512-ICL is not supported"
#error "AVX512-ICL is not supported"
 ^
1 error generated.
make[1]: *** [CMakeFiles/cmTC_76039.dir/cpu_avx512icl.cpp.o] Error 1
make: *** [cmTC_76039/fast] Error 2


===== END =====

Compilation failed:
    source file: '/Users/ashleyalexander-lee/GitHub/illuminate2D/illuminate2D/include/build_opencv/CMakeFiles/CMakeTmp/src.cxx'
    check option: ''
===== BUILD LOG =====
Change Dir: /Users/ashleyalexander-lee/GitHub/illuminate2D/illuminate2D/include/build_opencv/CMakeFiles/CMakeTmp

Run Build Command(s):/usr/bin/make -f Makefile cmTC_4fc1b/fast && /Library/Developer/CommandLineTools/usr/bin/make  -f CMakeFiles/cmTC_4fc1b.dir/build.make CMakeFiles/cmTC_4fc1b.dir/build
Building CXX object CMakeFiles/cmTC_4fc1b.dir/src.cxx.o
/Library/Developer/CommandLineTools/usr/bin/c++   -O3 -DNDEBUG -isysroot /Library/Developer/CommandLineTools/SDKs/MacOSX10.15.sdk -fPIE -std=c++11 -MD -MT CMakeFiles/cmTC_4fc1b.dir/src.cxx.o -MF CMakeFiles/cmTC_4fc1b.dir/src.cxx.o.d -o CMakeFiles/cmTC_4fc1b.dir/src.cxx.o -c /Users/ashleyalexander-lee/GitHub/illuminate2D/illuminate2D/include/build_opencv/CMakeFiles/CMakeTmp/src.cxx
Linking CXX executable cmTC_4fc1b
/Applications/CMake.app/Contents/bin/cmake -E cmake_link_script CMakeFiles/cmTC_4fc1b.dir/link.txt --verbose=1
/Library/Developer/CommandLineTools/usr/bin/c++ -O3 -DNDEBUG -isysroot /Library/Developer/CommandLineTools/SDKs/MacOSX10.15.sdk -Wl,-search_paths_first -Wl,-headerpad_max_install_names  -Wl,--as-needed  CMakeFiles/cmTC_4fc1b.dir/src.cxx.o -o cmTC_4fc1b 
ld: unknown option: --as-needed
clang: error: linker command failed with exit code 1 (use -v to see invocation)
make[1]: *** [cmTC_4fc1b] Error 1
make: *** [cmTC_4fc1b/fast] Error 2


===== END =====

Determining if the include file malloc.h exists failed with the following output:
Change Dir: /Users/ashleyalexander-lee/GitHub/illuminate2D/illuminate2D/include/build_opencv/CMakeFiles/CMakeTmp

Run Build Command(s):/usr/bin/make -f Makefile cmTC_3cf8c/fast && /Library/Developer/CommandLineTools/usr/bin/make  -f CMakeFiles/cmTC_3cf8c.dir/build.make CMakeFiles/cmTC_3cf8c.dir/build
Building C object CMakeFiles/cmTC_3cf8c.dir/CheckIncludeFile.c.o
/Library/Developer/CommandLineTools/usr/bin/cc   -fsigned-char -W -Wall -Werror=return-type -Werror=non-virtual-dtor -Werror=address -Werror=sequence-point -Wformat -Werror=format-security -Wmissing-declarations -Wmissing-prototypes -Wstrict-prototypes -Wundef -Winit-self -Wpointer-arith -Wshadow -Wsign-promo -Wuninitialized -Wno-delete-non-virtual-dtor -Wno-unnamed-type-template-args -Wno-comment -fdiagnostics-show-option -Wno-long-long -Qunused-arguments -Wno-semicolon-before-method-body -ffunction-sections -fdata-sections  -fvisibility=hidden -fvisibility-inlines-hidden  -O3 -DNDEBUG  -DNDEBUG -isysroot /Library/Developer/CommandLineTools/SDKs/MacOSX10.15.sdk -fPIE -MD -MT CMakeFiles/cmTC_3cf8c.dir/CheckIncludeFile.c.o -MF CMakeFiles/cmTC_3cf8c.dir/CheckIncludeFile.c.o.d -o CMakeFiles/cmTC_3cf8c.dir/CheckIncludeFile.c.o -c /Users/ashleyalexander-lee/GitHub/illuminate2D/illuminate2D/include/build_opencv/CMakeFiles/CMakeTmp/CheckIncludeFile.c
/Users/ashleyalexander-lee/GitHub/illuminate2D/illuminate2D/include/build_opencv/CMakeFiles/CMakeTmp/CheckIncludeFile.c:1:10: fatal error: 'malloc.h' file not found
#include <malloc.h>
         ^~~~~~~~~~
1 error generated.
make[1]: *** [CMakeFiles/cmTC_3cf8c.dir/CheckIncludeFile.c.o] Error 1
make: *** [cmTC_3cf8c/fast] Error 2



Determining size of off64_t failed with the following output:
Change Dir: /Users/ashleyalexander-lee/GitHub/illuminate2D/illuminate2D/include/build_opencv/CMakeFiles/CMakeTmp

Run Build Command(s):/usr/bin/make -f Makefile cmTC_4834d/fast && /Library/Developer/CommandLineTools/usr/bin/make  -f CMakeFiles/cmTC_4834d.dir/build.make CMakeFiles/cmTC_4834d.dir/build
Building C object CMakeFiles/cmTC_4834d.dir/OFF64_T.c.o
/Library/Developer/CommandLineTools/usr/bin/cc   -fsigned-char -W -Wall -Werror=return-type -Werror=non-virtual-dtor -Werror=address -Werror=sequence-point -Wformat -Werror=format-security -Wmissing-declarations -Wmissing-prototypes -Wstrict-prototypes -Wundef -Winit-self -Wpointer-arith -Wshadow -Wsign-promo -Wuninitialized -Wno-delete-non-virtual-dtor -Wno-unnamed-type-template-args -Wno-comment -fdiagnostics-show-option -Wno-long-long -Qunused-arguments -Wno-semicolon-before-method-body -ffunction-sections -fdata-sections  -fvisibility=hidden -fvisibility-inlines-hidden  -O3 -DNDEBUG  -DNDEBUG -isysroot /Library/Developer/CommandLineTools/SDKs/MacOSX10.15.sdk -fPIE -MD -MT CMakeFiles/cmTC_4834d.dir/OFF64_T.c.o -MF CMakeFiles/cmTC_4834d.dir/OFF64_T.c.o.d -o CMakeFiles/cmTC_4834d.dir/OFF64_T.c.o -c /Users/ashleyalexander-lee/GitHub/illuminate2D/illuminate2D/include/build_opencv/CMakeFiles/CheckTypeSize/OFF64_T.c
/Users/ashleyalexander-lee/GitHub/illuminate2D/illuminate2D/include/build_opencv/CMakeFiles/CheckTypeSize/OFF64_T.c:29:12: error: use of undeclared identifier 'off64_t'
  ('0' + ((SIZE / 10000)%10)),
           ^
/Users/ashleyalexander-lee/GitHub/illuminate2D/illuminate2D/include/build_opencv/CMakeFiles/CheckTypeSize/OFF64_T.c:27:22: note: expanded from macro 'SIZE'
#define SIZE (sizeof(off64_t))
                     ^
/Users/ashleyalexander-lee/GitHub/illuminate2D/illuminate2D/include/build_opencv/CMakeFiles/CheckTypeSize/OFF64_T.c:30:12: error: use of undeclared identifier 'off64_t'
  ('0' + ((SIZE / 1000)%10)),
           ^
/Users/ashleyalexander-lee/GitHub/illuminate2D/illuminate2D/include/build_opencv/CMakeFiles/CheckTypeSize/OFF64_T.c:27:22: note: expanded from macro 'SIZE'
#define SIZE (sizeof(off64_t))
                     ^
/Users/ashleyalexander-lee/GitHub/illuminate2D/illuminate2D/include/build_opencv/CMakeFiles/CheckTypeSize/OFF64_T.c:31:12: error: use of undeclared identifier 'off64_t'
  ('0' + ((SIZE / 100)%10)),
           ^
/Users/ashleyalexander-lee/GitHub/illuminate2D/illuminate2D/include/build_opencv/CMakeFiles/CheckTypeSize/OFF64_T.c:27:22: note: expanded from macro 'SIZE'
#define SIZE (sizeof(off64_t))
                     ^
/Users/ashleyalexander-lee/GitHub/illuminate2D/illuminate2D/include/build_opencv/CMakeFiles/CheckTypeSize/OFF64_T.c:32:12: error: use of undeclared identifier 'off64_t'
  ('0' + ((SIZE / 10)%10)),
           ^
/Users/ashleyalexander-lee/GitHub/illuminate2D/illuminate2D/include/build_opencv/CMakeFiles/CheckTypeSize/OFF64_T.c:27:22: note: expanded from macro 'SIZE'
#define SIZE (sizeof(off64_t))
                     ^
/Users/ashleyalexander-lee/GitHub/illuminate2D/illuminate2D/include/build_opencv/CMakeFiles/CheckTypeSize/OFF64_T.c:33:12: error: use of undeclared identifier 'off64_t'
  ('0' +  (SIZE    % 10)),
           ^
/Users/ashleyalexander-lee/GitHub/illuminate2D/illuminate2D/include/build_opencv/CMakeFiles/CheckTypeSize/OFF64_T.c:27:22: note: expanded from macro 'SIZE'
#define SIZE (sizeof(off64_t))
                     ^
5 errors generated.
make[1]: *** [CMakeFiles/cmTC_4834d.dir/OFF64_T.c.o] Error 1
make: *** [cmTC_4834d/fast] Error 2


/Users/ashleyalexander-lee/GitHub/illuminate2D/illuminate2D/include/build_opencv/CMakeFiles/CheckTypeSize/OFF64_T.c:
#include <sys/types.h>
#include <stdint.h>
#include <stddef.h>


#undef KEY
#if defined(__i386)
# define KEY '_','_','i','3','8','6'
#elif defined(__x86_64)
# define KEY '_','_','x','8','6','_','6','4'
#elif defined(__PPC64__)
# define KEY '_','_','P','P','C','6','4','_','_'
#elif defined(__ppc64__)
# define KEY '_','_','p','p','c','6','4','_','_'
#elif defined(__PPC__)
# define KEY '_','_','P','P','C','_','_'
#elif defined(__ppc__)
# define KEY '_','_','p','p','c','_','_'
#elif defined(__aarch64__)
# define KEY '_','_','a','a','r','c','h','6','4','_','_'
#elif defined(__ARM_ARCH_7A__)
# define KEY '_','_','A','R','M','_','A','R','C','H','_','7','A','_','_'
#elif defined(__ARM_ARCH_7S__)
# define KEY '_','_','A','R','M','_','A','R','C','H','_','7','S','_','_'
#endif

#define SIZE (sizeof(off64_t))
static char info_size[] =  {'I', 'N', 'F', 'O', ':', 's','i','z','e','[',
  ('0' + ((SIZE / 10000)%10)),
  ('0' + ((SIZE / 1000)%10)),
  ('0' + ((SIZE / 100)%10)),
  ('0' + ((SIZE / 10)%10)),
  ('0' +  (SIZE    % 10)),
  ']',
#ifdef KEY
  ' ','k','e','y','[', KEY, ']',
#endif
  '\0'};

#ifdef __CLASSIC_C__
int main(argc, argv) int argc; char *argv[];
#else
int main(int argc, char *argv[])
#endif
{
  int require = 0;
  require += info_size[argc];
  (void)argv;
  return require;
}


Determining if the include file io.h exists failed with the following output:
Change Dir: /Users/ashleyalexander-lee/GitHub/illuminate2D/illuminate2D/include/build_opencv/CMakeFiles/CMakeTmp

Run Build Command(s):/usr/bin/make -f Makefile cmTC_43b5b/fast && /Library/Developer/CommandLineTools/usr/bin/make  -f CMakeFiles/cmTC_43b5b.dir/build.make CMakeFiles/cmTC_43b5b.dir/build
Building C object CMakeFiles/cmTC_43b5b.dir/CheckIncludeFile.c.o
/Library/Developer/CommandLineTools/usr/bin/cc   -fsigned-char -W -Wall -Werror=return-type -Werror=non-virtual-dtor -Werror=address -Werror=sequence-point -Wformat -Werror=format-security -Wmissing-declarations -Wmissing-prototypes -Wstrict-prototypes -Wundef -Winit-self -Wpointer-arith -Wshadow -Wsign-promo -Wuninitialized -Wno-delete-non-virtual-dtor -Wno-unnamed-type-template-args -Wno-comment -fdiagnostics-show-option -Wno-long-long -Qunused-arguments -Wno-semicolon-before-method-body -ffunction-sections -fdata-sections  -fvisibility=hidden -fvisibility-inlines-hidden  -O3 -DNDEBUG  -DNDEBUG -isysroot /Library/Developer/CommandLineTools/SDKs/MacOSX10.15.sdk -fPIE -MD -MT CMakeFiles/cmTC_43b5b.dir/CheckIncludeFile.c.o -MF CMakeFiles/cmTC_43b5b.dir/CheckIncludeFile.c.o.d -o CMakeFiles/cmTC_43b5b.dir/CheckIncludeFile.c.o -c /Users/ashleyalexander-lee/GitHub/illuminate2D/illuminate2D/include/build_opencv/CMakeFiles/CMakeTmp/CheckIncludeFile.c
/Users/ashleyalexander-lee/GitHub/illuminate2D/illuminate2D/include/build_opencv/CMakeFiles/CMakeTmp/CheckIncludeFile.c:1:10: fatal error: 'io.h' file not found
#include <io.h>
         ^~~~~~
1 error generated.
make[1]: *** [CMakeFiles/cmTC_43b5b.dir/CheckIncludeFile.c.o] Error 1
make: *** [cmTC_43b5b/fast] Error 2



Determining size of INT8 failed with the following output:
Change Dir: /Users/ashleyalexander-lee/GitHub/illuminate2D/illuminate2D/include/build_opencv/CMakeFiles/CMakeTmp

Run Build Command(s):/usr/bin/make -f Makefile cmTC_1c3bf/fast && /Library/Developer/CommandLineTools/usr/bin/make  -f CMakeFiles/cmTC_1c3bf.dir/build.make CMakeFiles/cmTC_1c3bf.dir/build
Building C object CMakeFiles/cmTC_1c3bf.dir/int8.c.o
/Library/Developer/CommandLineTools/usr/bin/cc   -fsigned-char -W -Wall -Werror=return-type -Werror=non-virtual-dtor -Werror=address -Werror=sequence-point -Wformat -Werror=format-security -Wmissing-declarations -Wmissing-prototypes -Wstrict-prototypes -Wundef -Winit-self -Wpointer-arith -Wshadow -Wsign-promo -Wuninitialized -Wno-delete-non-virtual-dtor -Wno-unnamed-type-template-args -Wno-comment -fdiagnostics-show-option -Wno-long-long -Qunused-arguments -Wno-semicolon-before-method-body -ffunction-sections -fdata-sections  -fvisibility=hidden -fvisibility-inlines-hidden  -O3 -DNDEBUG  -DNDEBUG -isysroot /Library/Developer/CommandLineTools/SDKs/MacOSX10.15.sdk -fPIE -MD -MT CMakeFiles/cmTC_1c3bf.dir/int8.c.o -MF CMakeFiles/cmTC_1c3bf.dir/int8.c.o.d -o CMakeFiles/cmTC_1c3bf.dir/int8.c.o -c /Users/ashleyalexander-lee/GitHub/illuminate2D/illuminate2D/include/build_opencv/CMakeFiles/CheckTypeSize/int8.c
/Users/ashleyalexander-lee/GitHub/illuminate2D/illuminate2D/include/build_opencv/CMakeFiles/CheckTypeSize/int8.c:29:12: error: use of undeclared identifier 'INT8'
  ('0' + ((SIZE / 10000)%10)),
           ^
/Users/ashleyalexander-lee/GitHub/illuminate2D/illuminate2D/include/build_opencv/CMakeFiles/CheckTypeSize/int8.c:27:22: note: expanded from macro 'SIZE'
#define SIZE (sizeof(INT8))
                     ^
/Users/ashleyalexander-lee/GitHub/illuminate2D/illuminate2D/include/build_opencv/CMakeFiles/CheckTypeSize/int8.c:30:12: error: use of undeclared identifier 'INT8'
  ('0' + ((SIZE / 1000)%10)),
           ^
/Users/ashleyalexander-lee/GitHub/illuminate2D/illuminate2D/include/build_opencv/CMakeFiles/CheckTypeSize/int8.c:27:22: note: expanded from macro 'SIZE'
#define SIZE (sizeof(INT8))
                     ^
/Users/ashleyalexander-lee/GitHub/illuminate2D/illuminate2D/include/build_opencv/CMakeFiles/CheckTypeSize/int8.c:31:12: error: use of undeclared identifier 'INT8'
  ('0' + ((SIZE / 100)%10)),
           ^
/Users/ashleyalexander-lee/GitHub/illuminate2D/illuminate2D/include/build_opencv/CMakeFiles/CheckTypeSize/int8.c:27:22: note: expanded from macro 'SIZE'
#define SIZE (sizeof(INT8))
                     ^
/Users/ashleyalexander-lee/GitHub/illuminate2D/illuminate2D/include/build_opencv/CMakeFiles/CheckTypeSize/int8.c:32:12: error: use of undeclared identifier 'INT8'
  ('0' + ((SIZE / 10)%10)),
           ^
/Users/ashleyalexander-lee/GitHub/illuminate2D/illuminate2D/include/build_opencv/CMakeFiles/CheckTypeSize/int8.c:27:22: note: expanded from macro 'SIZE'
#define SIZE (sizeof(INT8))
                     ^
/Users/ashleyalexander-lee/GitHub/illuminate2D/illuminate2D/include/build_opencv/CMakeFiles/CheckTypeSize/int8.c:33:12: error: use of undeclared identifier 'INT8'
  ('0' +  (SIZE    % 10)),
           ^
/Users/ashleyalexander-lee/GitHub/illuminate2D/illuminate2D/include/build_opencv/CMakeFiles/CheckTypeSize/int8.c:27:22: note: expanded from macro 'SIZE'
#define SIZE (sizeof(INT8))
                     ^
5 errors generated.
make[1]: *** [CMakeFiles/cmTC_1c3bf.dir/int8.c.o] Error 1
make: *** [cmTC_1c3bf/fast] Error 2


/Users/ashleyalexander-lee/GitHub/illuminate2D/illuminate2D/include/build_opencv/CMakeFiles/CheckTypeSize/int8.c:
#include <sys/types.h>
#include <stdint.h>
#include <stddef.h>


#undef KEY
#if defined(__i386)
# define KEY '_','_','i','3','8','6'
#elif defined(__x86_64)
# define KEY '_','_','x','8','6','_','6','4'
#elif defined(__PPC64__)
# define KEY '_','_','P','P','C','6','4','_','_'
#elif defined(__ppc64__)
# define KEY '_','_','p','p','c','6','4','_','_'
#elif defined(__PPC__)
# define KEY '_','_','P','P','C','_','_'
#elif defined(__ppc__)
# define KEY '_','_','p','p','c','_','_'
#elif defined(__aarch64__)
# define KEY '_','_','a','a','r','c','h','6','4','_','_'
#elif defined(__ARM_ARCH_7A__)
# define KEY '_','_','A','R','M','_','A','R','C','H','_','7','A','_','_'
#elif defined(__ARM_ARCH_7S__)
# define KEY '_','_','A','R','M','_','A','R','C','H','_','7','S','_','_'
#endif

#define SIZE (sizeof(INT8))
static char info_size[] =  {'I', 'N', 'F', 'O', ':', 's','i','z','e','[',
  ('0' + ((SIZE / 10000)%10)),
  ('0' + ((SIZE / 1000)%10)),
  ('0' + ((SIZE / 100)%10)),
  ('0' + ((SIZE / 10)%10)),
  ('0' +  (SIZE    % 10)),
  ']',
#ifdef KEY
  ' ','k','e','y','[', KEY, ']',
#endif
  '\0'};

#ifdef __CLASSIC_C__
int main(argc, argv) int argc; char *argv[];
#else
int main(int argc, char *argv[])
#endif
{
  int require = 0;
  require += info_size[argc];
  (void)argv;
  return require;
}


Determining size of INT16 failed with the following output:
Change Dir: /Users/ashleyalexander-lee/GitHub/illuminate2D/illuminate2D/include/build_opencv/CMakeFiles/CMakeTmp

Run Build Command(s):/usr/bin/make -f Makefile cmTC_fb82f/fast && /Library/Developer/CommandLineTools/usr/bin/make  -f CMakeFiles/cmTC_fb82f.dir/build.make CMakeFiles/cmTC_fb82f.dir/build
Building C object CMakeFiles/cmTC_fb82f.dir/int16.c.o
/Library/Developer/CommandLineTools/usr/bin/cc   -fsigned-char -W -Wall -Werror=return-type -Werror=non-virtual-dtor -Werror=address -Werror=sequence-point -Wformat -Werror=format-security -Wmissing-declarations -Wmissing-prototypes -Wstrict-prototypes -Wundef -Winit-self -Wpointer-arith -Wshadow -Wsign-promo -Wuninitialized -Wno-delete-non-virtual-dtor -Wno-unnamed-type-template-args -Wno-comment -fdiagnostics-show-option -Wno-long-long -Qunused-arguments -Wno-semicolon-before-method-body -ffunction-sections -fdata-sections  -fvisibility=hidden -fvisibility-inlines-hidden  -O3 -DNDEBUG  -DNDEBUG -isysroot /Library/Developer/CommandLineTools/SDKs/MacOSX10.15.sdk -fPIE -MD -MT CMakeFiles/cmTC_fb82f.dir/int16.c.o -MF CMakeFiles/cmTC_fb82f.dir/int16.c.o.d -o CMakeFiles/cmTC_fb82f.dir/int16.c.o -c /Users/ashleyalexander-lee/GitHub/illuminate2D/illuminate2D/include/build_opencv/CMakeFiles/CheckTypeSize/int16.c
/Users/ashleyalexander-lee/GitHub/illuminate2D/illuminate2D/include/build_opencv/CMakeFiles/CheckTypeSize/int16.c:29:12: error: use of undeclared identifier 'INT16'
  ('0' + ((SIZE / 10000)%10)),
           ^
/Users/ashleyalexander-lee/GitHub/illuminate2D/illuminate2D/include/build_opencv/CMakeFiles/CheckTypeSize/int16.c:27:22: note: expanded from macro 'SIZE'
#define SIZE (sizeof(INT16))
                     ^
/Users/ashleyalexander-lee/GitHub/illuminate2D/illuminate2D/include/build_opencv/CMakeFiles/CheckTypeSize/int16.c:30:12: error: use of undeclared identifier 'INT16'
  ('0' + ((SIZE / 1000)%10)),
           ^
/Users/ashleyalexander-lee/GitHub/illuminate2D/illuminate2D/include/build_opencv/CMakeFiles/CheckTypeSize/int16.c:27:22: note: expanded from macro 'SIZE'
#define SIZE (sizeof(INT16))
                     ^
/Users/ashleyalexander-lee/GitHub/illuminate2D/illuminate2D/include/build_opencv/CMakeFiles/CheckTypeSize/int16.c:31:12: error: use of undeclared identifier 'INT16'
  ('0' + ((SIZE / 100)%10)),
           ^
/Users/ashleyalexander-lee/GitHub/illuminate2D/illuminate2D/include/build_opencv/CMakeFiles/CheckTypeSize/int16.c:27:22: note: expanded from macro 'SIZE'
#define SIZE (sizeof(INT16))
                     ^
/Users/ashleyalexander-lee/GitHub/illuminate2D/illuminate2D/include/build_opencv/CMakeFiles/CheckTypeSize/int16.c:32:12: error: use of undeclared identifier 'INT16'
  ('0' + ((SIZE / 10)%10)),
           ^
/Users/ashleyalexander-lee/GitHub/illuminate2D/illuminate2D/include/build_opencv/CMakeFiles/CheckTypeSize/int16.c:27:22: note: expanded from macro 'SIZE'
#define SIZE (sizeof(INT16))
                     ^
/Users/ashleyalexander-lee/GitHub/illuminate2D/illuminate2D/include/build_opencv/CMakeFiles/CheckTypeSize/int16.c:33:12: error: use of undeclared identifier 'INT16'
  ('0' +  (SIZE    % 10)),
           ^
/Users/ashleyalexander-lee/GitHub/illuminate2D/illuminate2D/include/build_opencv/CMakeFiles/CheckTypeSize/int16.c:27:22: note: expanded from macro 'SIZE'
#define SIZE (sizeof(INT16))
                     ^
5 errors generated.
make[1]: *** [CMakeFiles/cmTC_fb82f.dir/int16.c.o] Error 1
make: *** [cmTC_fb82f/fast] Error 2


/Users/ashleyalexander-lee/GitHub/illuminate2D/illuminate2D/include/build_opencv/CMakeFiles/CheckTypeSize/int16.c:
#include <sys/types.h>
#include <stdint.h>
#include <stddef.h>


#undef KEY
#if defined(__i386)
# define KEY '_','_','i','3','8','6'
#elif defined(__x86_64)
# define KEY '_','_','x','8','6','_','6','4'
#elif defined(__PPC64__)
# define KEY '_','_','P','P','C','6','4','_','_'
#elif defined(__ppc64__)
# define KEY '_','_','p','p','c','6','4','_','_'
#elif defined(__PPC__)
# define KEY '_','_','P','P','C','_','_'
#elif defined(__ppc__)
# define KEY '_','_','p','p','c','_','_'
#elif defined(__aarch64__)
# define KEY '_','_','a','a','r','c','h','6','4','_','_'
#elif defined(__ARM_ARCH_7A__)
# define KEY '_','_','A','R','M','_','A','R','C','H','_','7','A','_','_'
#elif defined(__ARM_ARCH_7S__)
# define KEY '_','_','A','R','M','_','A','R','C','H','_','7','S','_','_'
#endif

#define SIZE (sizeof(INT16))
static char info_size[] =  {'I', 'N', 'F', 'O', ':', 's','i','z','e','[',
  ('0' + ((SIZE / 10000)%10)),
  ('0' + ((SIZE / 1000)%10)),
  ('0' + ((SIZE / 100)%10)),
  ('0' + ((SIZE / 10)%10)),
  ('0' +  (SIZE    % 10)),
  ']',
#ifdef KEY
  ' ','k','e','y','[', KEY, ']',
#endif
  '\0'};

#ifdef __CLASSIC_C__
int main(argc, argv) int argc; char *argv[];
#else
int main(int argc, char *argv[])
#endif
{
  int require = 0;
  require += info_size[argc];
  (void)argv;
  return require;
}


Determining size of INT32 failed with the following output:
Change Dir: /Users/ashleyalexander-lee/GitHub/illuminate2D/illuminate2D/include/build_opencv/CMakeFiles/CMakeTmp

Run Build Command(s):/usr/bin/make -f Makefile cmTC_2544b/fast && /Library/Developer/CommandLineTools/usr/bin/make  -f CMakeFiles/cmTC_2544b.dir/build.make CMakeFiles/cmTC_2544b.dir/build
Building C object CMakeFiles/cmTC_2544b.dir/int32.c.o
/Library/Developer/CommandLineTools/usr/bin/cc   -fsigned-char -W -Wall -Werror=return-type -Werror=non-virtual-dtor -Werror=address -Werror=sequence-point -Wformat -Werror=format-security -Wmissing-declarations -Wmissing-prototypes -Wstrict-prototypes -Wundef -Winit-self -Wpointer-arith -Wshadow -Wsign-promo -Wuninitialized -Wno-delete-non-virtual-dtor -Wno-unnamed-type-template-args -Wno-comment -fdiagnostics-show-option -Wno-long-long -Qunused-arguments -Wno-semicolon-before-method-body -ffunction-sections -fdata-sections  -fvisibility=hidden -fvisibility-inlines-hidden  -O3 -DNDEBUG  -DNDEBUG -isysroot /Library/Developer/CommandLineTools/SDKs/MacOSX10.15.sdk -fPIE -MD -MT CMakeFiles/cmTC_2544b.dir/int32.c.o -MF CMakeFiles/cmTC_2544b.dir/int32.c.o.d -o CMakeFiles/cmTC_2544b.dir/int32.c.o -c /Users/ashleyalexander-lee/GitHub/illuminate2D/illuminate2D/include/build_opencv/CMakeFiles/CheckTypeSize/int32.c
/Users/ashleyalexander-lee/GitHub/illuminate2D/illuminate2D/include/build_opencv/CMakeFiles/CheckTypeSize/int32.c:29:12: error: use of undeclared identifier 'INT32'
  ('0' + ((SIZE / 10000)%10)),
           ^
/Users/ashleyalexander-lee/GitHub/illuminate2D/illuminate2D/include/build_opencv/CMakeFiles/CheckTypeSize/int32.c:27:22: note: expanded from macro 'SIZE'
#define SIZE (sizeof(INT32))
                     ^
/Users/ashleyalexander-lee/GitHub/illuminate2D/illuminate2D/include/build_opencv/CMakeFiles/CheckTypeSize/int32.c:30:12: error: use of undeclared identifier 'INT32'
  ('0' + ((SIZE / 1000)%10)),
           ^
/Users/ashleyalexander-lee/GitHub/illuminate2D/illuminate2D/include/build_opencv/CMakeFiles/CheckTypeSize/int32.c:27:22: note: expanded from macro 'SIZE'
#define SIZE (sizeof(INT32))
                     ^
/Users/ashleyalexander-lee/GitHub/illuminate2D/illuminate2D/include/build_opencv/CMakeFiles/CheckTypeSize/int32.c:31:12: error: use of undeclared identifier 'INT32'
  ('0' + ((SIZE / 100)%10)),
           ^
/Users/ashleyalexander-lee/GitHub/illuminate2D/illuminate2D/include/build_opencv/CMakeFiles/CheckTypeSize/int32.c:27:22: note: expanded from macro 'SIZE'
#define SIZE (sizeof(INT32))
                     ^
/Users/ashleyalexander-lee/GitHub/illuminate2D/illuminate2D/include/build_opencv/CMakeFiles/CheckTypeSize/int32.c:32:12: error: use of undeclared identifier 'INT32'
  ('0' + ((SIZE / 10)%10)),
           ^
/Users/ashleyalexander-lee/GitHub/illuminate2D/illuminate2D/include/build_opencv/CMakeFiles/CheckTypeSize/int32.c:27:22: note: expanded from macro 'SIZE'
#define SIZE (sizeof(INT32))
                     ^
/Users/ashleyalexander-lee/GitHub/illuminate2D/illuminate2D/include/build_opencv/CMakeFiles/CheckTypeSize/int32.c:33:12: error: use of undeclared identifier 'INT32'
  ('0' +  (SIZE    % 10)),
           ^
/Users/ashleyalexander-lee/GitHub/illuminate2D/illuminate2D/include/build_opencv/CMakeFiles/CheckTypeSize/int32.c:27:22: note: expanded from macro 'SIZE'
#define SIZE (sizeof(INT32))
                     ^
5 errors generated.
make[1]: *** [CMakeFiles/cmTC_2544b.dir/int32.c.o] Error 1
make: *** [cmTC_2544b/fast] Error 2


/Users/ashleyalexander-lee/GitHub/illuminate2D/illuminate2D/include/build_opencv/CMakeFiles/CheckTypeSize/int32.c:
#include <sys/types.h>
#include <stdint.h>
#include <stddef.h>


#undef KEY
#if defined(__i386)
# define KEY '_','_','i','3','8','6'
#elif defined(__x86_64)
# define KEY '_','_','x','8','6','_','6','4'
#elif defined(__PPC64__)
# define KEY '_','_','P','P','C','6','4','_','_'
#elif defined(__ppc64__)
# define KEY '_','_','p','p','c','6','4','_','_'
#elif defined(__PPC__)
# define KEY '_','_','P','P','C','_','_'
#elif defined(__ppc__)
# define KEY '_','_','p','p','c','_','_'
#elif defined(__aarch64__)
# define KEY '_','_','a','a','r','c','h','6','4','_','_'
#elif defined(__ARM_ARCH_7A__)
# define KEY '_','_','A','R','M','_','A','R','C','H','_','7','A','_','_'
#elif defined(__ARM_ARCH_7S__)
# define KEY '_','_','A','R','M','_','A','R','C','H','_','7','S','_','_'
#endif

#define SIZE (sizeof(INT32))
static char info_size[] =  {'I', 'N', 'F', 'O', ':', 's','i','z','e','[',
  ('0' + ((SIZE / 10000)%10)),
  ('0' + ((SIZE / 1000)%10)),
  ('0' + ((SIZE / 100)%10)),
  ('0' + ((SIZE / 10)%10)),
  ('0' +  (SIZE    % 10)),
  ']',
#ifdef KEY
  ' ','k','e','y','[', KEY, ']',
#endif
  '\0'};

#ifdef __CLASSIC_C__
int main(argc, argv) int argc; char *argv[];
#else
int main(int argc, char *argv[])
#endif
{
  int require = 0;
  require += info_size[argc];
  (void)argv;
  return require;
}


Build output check failed:
    Regex: 'unknown .*option'
    Output line: 'warning: unknown warning option '-Wno-unused-but-set-variable', did you mean '-Wno-unused-const-variable'? [-Wunknown-warning-option]'
Compilation failed:
    source file: '/Users/ashleyalexander-lee/GitHub/illuminate2D/illuminate2D/include/build_opencv/CMakeFiles/CMakeTmp/src.c'
    check option: ' -Wno-unused-but-set-variable'
===== BUILD LOG =====
Change Dir: /Users/ashleyalexander-lee/GitHub/illuminate2D/illuminate2D/include/build_opencv/CMakeFiles/CMakeTmp

Run Build Command(s):/usr/bin/make -f Makefile cmTC_fc2ec/fast && /Library/Developer/CommandLineTools/usr/bin/make  -f CMakeFiles/cmTC_fc2ec.dir/build.make CMakeFiles/cmTC_fc2ec.dir/build
Building C object CMakeFiles/cmTC_fc2ec.dir/src.c.o
/Library/Developer/CommandLineTools/usr/bin/cc   -fsigned-char -W -Wall -Werror=return-type -Werror=non-virtual-dtor -Werror=address -Werror=sequence-point -Wformat -Werror=format-security -Wmissing-declarations -Wmissing-prototypes -Wstrict-prototypes -Wundef -Winit-self -Wpointer-arith -Wshadow -Wsign-promo -Wuninitialized -Wno-delete-non-virtual-dtor -Wno-unnamed-type-template-args -Wno-comment -fdiagnostics-show-option -Wno-long-long -Qunused-arguments -Wno-semicolon-before-method-body -ffunction-sections -fdata-sections  -fvisibility=hidden -fvisibility-inlines-hidden  -O3 -DNDEBUG  -DNDEBUG -isysroot /Library/Developer/CommandLineTools/SDKs/MacOSX10.15.sdk -fPIE    -Wno-unused-but-set-variable -MD -MT CMakeFiles/cmTC_fc2ec.dir/src.c.o -MF CMakeFiles/cmTC_fc2ec.dir/src.c.o.d -o CMakeFiles/cmTC_fc2ec.dir/src.c.o -c /Users/ashleyalexander-lee/GitHub/illuminate2D/illuminate2D/include/build_opencv/CMakeFiles/CMakeTmp/src.c
warning: unknown warning option '-Wno-unused-but-set-variable'; did you mean '-Wno-unused-const-variable'? [-Wunknown-warning-option]
/Users/ashleyalexander-lee/GitHub/illuminate2D/illuminate2D/include/build_opencv/CMakeFiles/CMakeTmp/src.c:1:8: warning: unknown pragma ignored [-Wunknown-pragmas]
#pragma
       ^
2 warnings generated.
Linking C executable cmTC_fc2ec
/Applications/CMake.app/Contents/bin/cmake -E cmake_link_script CMakeFiles/cmTC_fc2ec.dir/link.txt --verbose=1
/Library/Developer/CommandLineTools/usr/bin/cc    -fsigned-char -W -Wall -Werror=return-type -Werror=non-virtual-dtor -Werror=address -Werror=sequence-point -Wformat -Werror=format-security -Wmissing-declarations -Wmissing-prototypes -Wstrict-prototypes -Wundef -Winit-self -Wpointer-arith -Wshadow -Wsign-promo -Wuninitialized -Wno-delete-non-virtual-dtor -Wno-unnamed-type-template-args -Wno-comment -fdiagnostics-show-option -Wno-long-long -Qunused-arguments -Wno-semicolon-before-method-body -ffunction-sections -fdata-sections  -fvisibility=hidden -fvisibility-inlines-hidden  -O3 -DNDEBUG  -DNDEBUG -isysroot /Library/Developer/CommandLineTools/SDKs/MacOSX10.15.sdk -Wl,-search_paths_first -Wl,-headerpad_max_install_names   -Wl,-dead_strip  CMakeFiles/cmTC_fc2ec.dir/src.c.o -o cmTC_fc2ec 


===== END =====

Build output check failed:
    Regex: 'unknown .*option'
    Output line: 'warning: unknown warning option '-Wno-maybe-uninitialized', did you mean '-Wno-uninitialized'? [-Wunknown-warning-option]'
Compilation failed:
    source file: '/Users/ashleyalexander-lee/GitHub/illuminate2D/illuminate2D/include/build_opencv/CMakeFiles/CMakeTmp/src.c'
    check option: ' -Wno-maybe-uninitialized'
===== BUILD LOG =====
Change Dir: /Users/ashleyalexander-lee/GitHub/illuminate2D/illuminate2D/include/build_opencv/CMakeFiles/CMakeTmp

Run Build Command(s):/usr/bin/make -f Makefile cmTC_ffc30/fast && /Library/Developer/CommandLineTools/usr/bin/make  -f CMakeFiles/cmTC_ffc30.dir/build.make CMakeFiles/cmTC_ffc30.dir/build
Building C object CMakeFiles/cmTC_ffc30.dir/src.c.o
/Library/Developer/CommandLineTools/usr/bin/cc   -fsigned-char -W -Wall -Werror=return-type -Werror=non-virtual-dtor -Werror=address -Werror=sequence-point -Wformat -Werror=format-security -Wstrict-prototypes -Winit-self -Wpointer-arith -Wsign-promo -Wuninitialized -Wno-delete-non-virtual-dtor -Wno-unnamed-type-template-args -Wno-comment -fdiagnostics-show-option -Wno-long-long -Qunused-arguments -Wno-semicolon-before-method-body -ffunction-sections -fdata-sections  -fvisibility=hidden -fvisibility-inlines-hidden -Wno-missing-prototypes -Wno-missing-declarations -Wno-undef -Wno-unused -Wno-sign-compare -Wno-cast-align -Wno-shadow  -O3 -DNDEBUG  -DNDEBUG -isysroot /Library/Developer/CommandLineTools/SDKs/MacOSX10.15.sdk -fPIE    -Wno-maybe-uninitialized -MD -MT CMakeFiles/cmTC_ffc30.dir/src.c.o -MF CMakeFiles/cmTC_ffc30.dir/src.c.o.d -o CMakeFiles/cmTC_ffc30.dir/src.c.o -c /Users/ashleyalexander-lee/GitHub/illuminate2D/illuminate2D/include/build_opencv/CMakeFiles/CMakeTmp/src.c
warning: unknown warning option '-Wno-maybe-uninitialized'; did you mean '-Wno-uninitialized'? [-Wunknown-warning-option]
/Users/ashleyalexander-lee/GitHub/illuminate2D/illuminate2D/include/build_opencv/CMakeFiles/CMakeTmp/src.c:1:8: warning: unknown pragma ignored [-Wunknown-pragmas]
#pragma
       ^
2 warnings generated.
Linking C executable cmTC_ffc30
/Applications/CMake.app/Contents/bin/cmake -E cmake_link_script CMakeFiles/cmTC_ffc30.dir/link.txt --verbose=1
/Library/Developer/CommandLineTools/usr/bin/cc    -fsigned-char -W -Wall -Werror=return-type -Werror=non-virtual-dtor -Werror=address -Werror=sequence-point -Wformat -Werror=format-security -Wstrict-prototypes -Winit-self -Wpointer-arith -Wsign-promo -Wuninitialized -Wno-delete-non-virtual-dtor -Wno-unnamed-type-template-args -Wno-comment -fdiagnostics-show-option -Wno-long-long -Qunused-arguments -Wno-semicolon-before-method-body -ffunction-sections -fdata-sections  -fvisibility=hidden -fvisibility-inlines-hidden -Wno-missing-prototypes -Wno-missing-declarations -Wno-undef -Wno-unused -Wno-sign-compare -Wno-cast-align -Wno-shadow  -O3 -DNDEBUG  -DNDEBUG -isysroot /Library/Developer/CommandLineTools/SDKs/MacOSX10.15.sdk -Wl,-search_paths_first -Wl,-headerpad_max_install_names   -Wl,-dead_strip  CMakeFiles/cmTC_ffc30.dir/src.c.o -o cmTC_ffc30 


===== END =====

Build output check failed:
    Regex: 'unknown .*option'
    Output line: 'warning: unknown warning option '-Wno-misleading-indentation', did you mean '-Wno-binding-in-condition'? [-Wunknown-warning-option]'
Compilation failed:
    source file: '/Users/ashleyalexander-lee/GitHub/illuminate2D/illuminate2D/include/build_opencv/CMakeFiles/CMakeTmp/src.c'
    check option: ' -Wno-misleading-indentation'
===== BUILD LOG =====
Change Dir: /Users/ashleyalexander-lee/GitHub/illuminate2D/illuminate2D/include/build_opencv/CMakeFiles/CMakeTmp

Run Build Command(s):/usr/bin/make -f Makefile cmTC_fc431/fast && /Library/Developer/CommandLineTools/usr/bin/make  -f CMakeFiles/cmTC_fc431.dir/build.make CMakeFiles/cmTC_fc431.dir/build
Building C object CMakeFiles/cmTC_fc431.dir/src.c.o
/Library/Developer/CommandLineTools/usr/bin/cc   -fsigned-char -W -Wall -Werror=return-type -Werror=non-virtual-dtor -Werror=address -Werror=sequence-point -Wformat -Werror=format-security -Wstrict-prototypes -Winit-self -Wpointer-arith -Wsign-promo -Wuninitialized -Wno-delete-non-virtual-dtor -Wno-unnamed-type-template-args -Wno-comment -fdiagnostics-show-option -Wno-long-long -Qunused-arguments -Wno-semicolon-before-method-body -ffunction-sections -fdata-sections  -fvisibility=hidden -fvisibility-inlines-hidden -Wno-missing-prototypes -Wno-missing-declarations -Wno-undef -Wno-unused -Wno-sign-compare -Wno-cast-align -Wno-shadow -Wno-pointer-to-int-cast -Wno-int-to-pointer-cast  -O3 -DNDEBUG  -DNDEBUG -isysroot /Library/Developer/CommandLineTools/SDKs/MacOSX10.15.sdk -fPIE    -Wno-misleading-indentation -MD -MT CMakeFiles/cmTC_fc431.dir/src.c.o -MF CMakeFiles/cmTC_fc431.dir/src.c.o.d -o CMakeFiles/cmTC_fc431.dir/src.c.o -c /Users/ashleyalexander-lee/GitHub/illuminate2D/illuminate2D/include/build_opencv/CMakeFiles/CMakeTmp/src.c
warning: unknown warning option '-Wno-misleading-indentation'; did you mean '-Wno-binding-in-condition'? [-Wunknown-warning-option]
/Users/ashleyalexander-lee/GitHub/illuminate2D/illuminate2D/include/build_opencv/CMakeFiles/CMakeTmp/src.c:1:8: warning: unknown pragma ignored [-Wunknown-pragmas]
#pragma
       ^
2 warnings generated.
Linking C executable cmTC_fc431
/Applications/CMake.app/Contents/bin/cmake -E cmake_link_script CMakeFiles/cmTC_fc431.dir/link.txt --verbose=1
/Library/Developer/CommandLineTools/usr/bin/cc    -fsigned-char -W -Wall -Werror=return-type -Werror=non-virtual-dtor -Werror=address -Werror=sequence-point -Wformat -Werror=format-security -Wstrict-prototypes -Winit-self -Wpointer-arith -Wsign-promo -Wuninitialized -Wno-delete-non-virtual-dtor -Wno-unnamed-type-template-args -Wno-comment -fdiagnostics-show-option -Wno-long-long -Qunused-arguments -Wno-semicolon-before-method-body -ffunction-sections -fdata-sections  -fvisibility=hidden -fvisibility-inlines-hidden -Wno-missing-prototypes -Wno-missing-declarations -Wno-undef -Wno-unused -Wno-sign-compare -Wno-cast-align -Wno-shadow -Wno-pointer-to-int-cast -Wno-int-to-pointer-cast  -O3 -DNDEBUG  -DNDEBUG -isysroot /Library/Developer/CommandLineTools/SDKs/MacOSX10.15.sdk -Wl,-search_paths_first -Wl,-headerpad_max_install_names   -Wl,-dead_strip  CMakeFiles/cmTC_fc431.dir/src.c.o -o cmTC_fc431 


===== END =====

Build output check failed:
    Regex: 'unknown .*option'
    Output line: 'warning: unknown warning option '-Wno-implicit-const-int-float-conversion', did you mean '-Wno-implicit-float-conversion'? [-Wunknown-warning-option]'
Compilation failed:
    source file: '/Users/ashleyalexander-lee/GitHub/illuminate2D/illuminate2D/include/build_opencv/CMakeFiles/CMakeTmp/src.c'
    check option: ' -Wno-implicit-const-int-float-conversion'
===== BUILD LOG =====
Change Dir: /Users/ashleyalexander-lee/GitHub/illuminate2D/illuminate2D/include/build_opencv/CMakeFiles/CMakeTmp

Run Build Command(s):/usr/bin/make -f Makefile cmTC_fddda/fast && /Library/Developer/CommandLineTools/usr/bin/make  -f CMakeFiles/cmTC_fddda.dir/build.make CMakeFiles/cmTC_fddda.dir/build
Building C object CMakeFiles/cmTC_fddda.dir/src.c.o
/Library/Developer/CommandLineTools/usr/bin/cc   -fsigned-char -W -Wall -Werror=return-type -Werror=non-virtual-dtor -Werror=address -Werror=sequence-point -Wformat -Werror=format-security -Wmissing-declarations -Wmissing-prototypes -Wstrict-prototypes -Wundef -Winit-self -Wpointer-arith -Wshadow -Wsign-promo -Wuninitialized -Wno-delete-non-virtual-dtor -Wno-unnamed-type-template-args -Wno-comment -fdiagnostics-show-option -Wno-long-long -Qunused-arguments -Wno-semicolon-before-method-body -ffunction-sections -fdata-sections  -fvisibility=hidden -fvisibility-inlines-hidden  -O3 -DNDEBUG  -DNDEBUG -isysroot /Library/Developer/CommandLineTools/SDKs/MacOSX10.15.sdk -fPIE    -Wno-implicit-const-int-float-conversion -MD -MT CMakeFiles/cmTC_fddda.dir/src.c.o -MF CMakeFiles/cmTC_fddda.dir/src.c.o.d -o CMakeFiles/cmTC_fddda.dir/src.c.o -c /Users/ashleyalexander-lee/GitHub/illuminate2D/illuminate2D/include/build_opencv/CMakeFiles/CMakeTmp/src.c
warning: unknown warning option '-Wno-implicit-const-int-float-conversion'; did you mean '-Wno-implicit-float-conversion'? [-Wunknown-warning-option]
/Users/ashleyalexander-lee/GitHub/illuminate2D/illuminate2D/include/build_opencv/CMakeFiles/CMakeTmp/src.c:1:8: warning: unknown pragma ignored [-Wunknown-pragmas]
#pragma
       ^
2 warnings generated.
Linking C executable cmTC_fddda
/Applications/CMake.app/Contents/bin/cmake -E cmake_link_script CMakeFiles/cmTC_fddda.dir/link.txt --verbose=1
/Library/Developer/CommandLineTools/usr/bin/cc    -fsigned-char -W -Wall -Werror=return-type -Werror=non-virtual-dtor -Werror=address -Werror=sequence-point -Wformat -Werror=format-security -Wmissing-declarations -Wmissing-prototypes -Wstrict-prototypes -Wundef -Winit-self -Wpointer-arith -Wshadow -Wsign-promo -Wuninitialized -Wno-delete-non-virtual-dtor -Wno-unnamed-type-template-args -Wno-comment -fdiagnostics-show-option -Wno-long-long -Qunused-arguments -Wno-semicolon-before-method-body -ffunction-sections -fdata-sections  -fvisibility=hidden -fvisibility-inlines-hidden  -O3 -DNDEBUG  -DNDEBUG -isysroot /Library/Developer/CommandLineTools/SDKs/MacOSX10.15.sdk -Wl,-search_paths_first -Wl,-headerpad_max_install_names   -Wl,-dead_strip  CMakeFiles/cmTC_fddda.dir/src.c.o -o cmTC_fddda 


===== END =====

Determining if files malloc.h exist failed with the following output:
Change Dir: /Users/ashleyalexander-lee/GitHub/illuminate2D/illuminate2D/include/build_opencv/CMakeFiles/CMakeTmp

Run Build Command(s):/usr/bin/make -f Makefile cmTC_4d963/fast && /Library/Developer/CommandLineTools/usr/bin/make  -f CMakeFiles/cmTC_4d963.dir/build.make CMakeFiles/cmTC_4d963.dir/build
Building C object CMakeFiles/cmTC_4d963.dir/OPJ_HAVE_MALLOC_H.c.o
/Library/Developer/CommandLineTools/usr/bin/cc   -fsigned-char -W -Wall -Werror=return-type -Werror=non-virtual-dtor -Werror=address -Werror=sequence-point -Wformat -Werror=format-security -Wmissing-declarations -Wmissing-prototypes -Wstrict-prototypes -Wundef -Winit-self -Wpointer-arith -Wshadow -Wsign-promo -Wuninitialized -Wno-delete-non-virtual-dtor -Wno-unnamed-type-template-args -Wno-comment -fdiagnostics-show-option -Wno-long-long -Qunused-arguments -Wno-semicolon-before-method-body -ffunction-sections -fdata-sections  -fvisibility=hidden -fvisibility-inlines-hidden  -O3 -DNDEBUG  -DNDEBUG -isysroot /Library/Developer/CommandLineTools/SDKs/MacOSX10.15.sdk -fPIE -MD -MT CMakeFiles/cmTC_4d963.dir/OPJ_HAVE_MALLOC_H.c.o -MF CMakeFiles/cmTC_4d963.dir/OPJ_HAVE_MALLOC_H.c.o.d -o CMakeFiles/cmTC_4d963.dir/OPJ_HAVE_MALLOC_H.c.o -c /Users/ashleyalexander-lee/GitHub/illuminate2D/illuminate2D/include/build_opencv/CMakeFiles/CheckIncludeFiles/OPJ_HAVE_MALLOC_H.c
/Users/ashleyalexander-lee/GitHub/illuminate2D/illuminate2D/include/build_opencv/CMakeFiles/CheckIncludeFiles/OPJ_HAVE_MALLOC_H.c:2:10: fatal error: 'malloc.h' file not found
#include <malloc.h>
         ^~~~~~~~~~
1 error generated.
make[1]: *** [CMakeFiles/cmTC_4d963.dir/OPJ_HAVE_MALLOC_H.c.o] Error 1
make: *** [cmTC_4d963/fast] Error 2


Source:
/* */
#include <malloc.h>


int main(void){return 0;}

Determining if the _aligned_malloc exist failed with the following output:
Change Dir: /Users/ashleyalexander-lee/GitHub/illuminate2D/illuminate2D/include/build_opencv/CMakeFiles/CMakeTmp

Run Build Command(s):/usr/bin/make -f Makefile cmTC_816f7/fast && /Library/Developer/CommandLineTools/usr/bin/make  -f CMakeFiles/cmTC_816f7.dir/build.make CMakeFiles/cmTC_816f7.dir/build
Building C object CMakeFiles/cmTC_816f7.dir/CheckSymbolExists.c.o
/Library/Developer/CommandLineTools/usr/bin/cc   -fsigned-char -W -Wall -Werror=return-type -Werror=non-virtual-dtor -Werror=address -Werror=sequence-point -Wformat -Werror=format-security -Wmissing-declarations -Wmissing-prototypes -Wstrict-prototypes -Wundef -Winit-self -Wpointer-arith -Wshadow -Wsign-promo -Wuninitialized -Wno-delete-non-virtual-dtor -Wno-unnamed-type-template-args -Wno-comment -fdiagnostics-show-option -Wno-long-long -Qunused-arguments -Wno-semicolon-before-method-body -ffunction-sections -fdata-sections  -fvisibility=hidden -fvisibility-inlines-hidden  -O3 -DNDEBUG  -DNDEBUG -isysroot /Library/Developer/CommandLineTools/SDKs/MacOSX10.15.sdk -fPIE -MD -MT CMakeFiles/cmTC_816f7.dir/CheckSymbolExists.c.o -MF CMakeFiles/cmTC_816f7.dir/CheckSymbolExists.c.o.d -o CMakeFiles/cmTC_816f7.dir/CheckSymbolExists.c.o -c /Users/ashleyalexander-lee/GitHub/illuminate2D/illuminate2D/include/build_opencv/CMakeFiles/CMakeTmp/CheckSymbolExists.c
/Users/ashleyalexander-lee/GitHub/illuminate2D/illuminate2D/include/build_opencv/CMakeFiles/CMakeTmp/CheckSymbolExists.c:2:10: fatal error: 'malloc.h' file not found
#include <malloc.h>
         ^~~~~~~~~~
1 error generated.
make[1]: *** [CMakeFiles/cmTC_816f7.dir/CheckSymbolExists.c.o] Error 1
make: *** [cmTC_816f7/fast] Error 2


File /Users/ashleyalexander-lee/GitHub/illuminate2D/illuminate2D/include/build_opencv/CMakeFiles/CMakeTmp/CheckSymbolExists.c:
/* */
#include <malloc.h>

int main(int argc, char** argv)
{
  (void)argv;
#ifndef _aligned_malloc
  return ((int*)(&_aligned_malloc))[argc];
#else
  (void)argc;
  return 0;
#endif
}
Determining if the memalign exist failed with the following output:
Change Dir: /Users/ashleyalexander-lee/GitHub/illuminate2D/illuminate2D/include/build_opencv/CMakeFiles/CMakeTmp

Run Build Command(s):/usr/bin/make -f Makefile cmTC_38d84/fast && /Library/Developer/CommandLineTools/usr/bin/make  -f CMakeFiles/cmTC_38d84.dir/build.make CMakeFiles/cmTC_38d84.dir/build
Building C object CMakeFiles/cmTC_38d84.dir/CheckSymbolExists.c.o
/Library/Developer/CommandLineTools/usr/bin/cc   -fsigned-char -W -Wall -Werror=return-type -Werror=non-virtual-dtor -Werror=address -Werror=sequence-point -Wformat -Werror=format-security -Wmissing-declarations -Wmissing-prototypes -Wstrict-prototypes -Wundef -Winit-self -Wpointer-arith -Wshadow -Wsign-promo -Wuninitialized -Wno-delete-non-virtual-dtor -Wno-unnamed-type-template-args -Wno-comment -fdiagnostics-show-option -Wno-long-long -Qunused-arguments -Wno-semicolon-before-method-body -ffunction-sections -fdata-sections  -fvisibility=hidden -fvisibility-inlines-hidden  -O3 -DNDEBUG  -DNDEBUG -isysroot /Library/Developer/CommandLineTools/SDKs/MacOSX10.15.sdk -fPIE -MD -MT CMakeFiles/cmTC_38d84.dir/CheckSymbolExists.c.o -MF CMakeFiles/cmTC_38d84.dir/CheckSymbolExists.c.o.d -o CMakeFiles/cmTC_38d84.dir/CheckSymbolExists.c.o -c /Users/ashleyalexander-lee/GitHub/illuminate2D/illuminate2D/include/build_opencv/CMakeFiles/CMakeTmp/CheckSymbolExists.c
/Users/ashleyalexander-lee/GitHub/illuminate2D/illuminate2D/include/build_opencv/CMakeFiles/CMakeTmp/CheckSymbolExists.c:2:10: fatal error: 'malloc.h' file not found
#include <malloc.h>
         ^~~~~~~~~~
1 error generated.
make[1]: *** [CMakeFiles/cmTC_38d84.dir/CheckSymbolExists.c.o] Error 1
make: *** [cmTC_38d84/fast] Error 2


File /Users/ashleyalexander-lee/GitHub/illuminate2D/illuminate2D/include/build_opencv/CMakeFiles/CMakeTmp/CheckSymbolExists.c:
/* */
#include <malloc.h>

int main(int argc, char** argv)
{
  (void)argv;
#ifndef memalign
  return ((int*)(&memalign))[argc];
#else
  (void)argc;
  return 0;
#endif
}
Build output check failed:
    Regex: 'unknown .*option'
    Output line: 'warning: unknown warning option '-Wno-cast-function-type', did you mean '-Wno-bad-function-cast'? [-Wunknown-warning-option]'
Compilation failed:
    source file: '/Users/ashleyalexander-lee/GitHub/illuminate2D/illuminate2D/include/build_opencv/CMakeFiles/CMakeTmp/src.c'
    check option: ' -Wno-cast-function-type'
===== BUILD LOG =====
Change Dir: /Users/ashleyalexander-lee/GitHub/illuminate2D/illuminate2D/include/build_opencv/CMakeFiles/CMakeTmp

Run Build Command(s):/usr/bin/make -f Makefile cmTC_c9def/fast && /Library/Developer/CommandLineTools/usr/bin/make  -f CMakeFiles/cmTC_c9def.dir/build.make CMakeFiles/cmTC_c9def.dir/build
Building C object CMakeFiles/cmTC_c9def.dir/src.c.o
/Library/Developer/CommandLineTools/usr/bin/cc   -fsigned-char -W -Wall -Werror=return-type -Werror=non-virtual-dtor -Werror=address -Werror=sequence-point -Wformat -Werror=format-security -Wmissing-declarations -Wmissing-prototypes -Winit-self -Wpointer-arith -Wshadow -Wsign-promo -Wuninitialized -Wno-delete-non-virtual-dtor -Wno-unnamed-type-template-args -Wno-comment -fdiagnostics-show-option -Wno-long-long -Qunused-arguments -Wno-semicolon-before-method-body -ffunction-sections -fdata-sections  -fvisibility=hidden -fvisibility-inlines-hidden -Wno-undef -Wno-strict-prototypes  -O3 -DNDEBUG  -DNDEBUG -isysroot /Library/Developer/CommandLineTools/SDKs/MacOSX10.15.sdk -fPIE    -Wno-cast-function-type -MD -MT CMakeFiles/cmTC_c9def.dir/src.c.o -MF CMakeFiles/cmTC_c9def.dir/src.c.o.d -o CMakeFiles/cmTC_c9def.dir/src.c.o -c /Users/ashleyalexander-lee/GitHub/illuminate2D/illuminate2D/include/build_opencv/CMakeFiles/CMakeTmp/src.c
warning: unknown warning option '-Wno-cast-function-type'; did you mean '-Wno-bad-function-cast'? [-Wunknown-warning-option]
/Users/ashleyalexander-lee/GitHub/illuminate2D/illuminate2D/include/build_opencv/CMakeFiles/CMakeTmp/src.c:1:8: warning: unknown pragma ignored [-Wunknown-pragmas]
#pragma
       ^
2 warnings generated.
Linking C executable cmTC_c9def
/Applications/CMake.app/Contents/bin/cmake -E cmake_link_script CMakeFiles/cmTC_c9def.dir/link.txt --verbose=1
/Library/Developer/CommandLineTools/usr/bin/cc    -fsigned-char -W -Wall -Werror=return-type -Werror=non-virtual-dtor -Werror=address -Werror=sequence-point -Wformat -Werror=format-security -Wmissing-declarations -Wmissing-prototypes -Winit-self -Wpointer-arith -Wshadow -Wsign-promo -Wuninitialized -Wno-delete-non-virtual-dtor -Wno-unnamed-type-template-args -Wno-comment -fdiagnostics-show-option -Wno-long-long -Qunused-arguments -Wno-semicolon-before-method-body -ffunction-sections -fdata-sections  -fvisibility=hidden -fvisibility-inlines-hidden -Wno-undef -Wno-strict-prototypes  -O3 -DNDEBUG  -DNDEBUG -isysroot /Library/Developer/CommandLineTools/SDKs/MacOSX10.15.sdk -Wl,-search_paths_first -Wl,-headerpad_max_install_names   -Wl,-dead_strip  CMakeFiles/cmTC_c9def.dir/src.c.o -o cmTC_c9def 


===== END =====

Build output check failed:
    Regex: 'unknown .*option'
    Output line: 'warning: unknown warning option '-Wno-misleading-indentation', did you mean '-Wno-binding-in-condition'? [-Wunknown-warning-option]'
Compilation failed:
    source file: '/Users/ashleyalexander-lee/GitHub/illuminate2D/illuminate2D/include/build_opencv/CMakeFiles/CMakeTmp/src.cxx'
    check option: ' -Wno-misleading-indentation'
===== BUILD LOG =====
Change Dir: /Users/ashleyalexander-lee/GitHub/illuminate2D/illuminate2D/include/build_opencv/CMakeFiles/CMakeTmp

Run Build Command(s):/usr/bin/make -f Makefile cmTC_a7033/fast && /Library/Developer/CommandLineTools/usr/bin/make  -f CMakeFiles/cmTC_a7033.dir/build.make CMakeFiles/cmTC_a7033.dir/build
Building CXX object CMakeFiles/cmTC_a7033.dir/src.cxx.o
/Library/Developer/CommandLineTools/usr/bin/c++   -fsigned-char -W -Wall -Werror=return-type -Werror=non-virtual-dtor -Werror=address -Werror=sequence-point -Wformat -Werror=format-security -Wmissing-prototypes -Wstrict-prototypes -Winit-self -Wpointer-arith -Wsign-promo -Wno-delete-non-virtual-dtor -Wno-unnamed-type-template-args -Wno-comment -fdiagnostics-show-option -Wno-long-long -Qunused-arguments -Wno-semicolon-before-method-body -ffunction-sections -fdata-sections  -fvisibility=hidden -fvisibility-inlines-hidden -Wno-shadow -Wno-unused -Wno-sign-compare -Wno-undef -Wno-missing-declarations -Wno-uninitialized -Wno-switch -Wno-parentheses -Wno-array-bounds -Wno-extra -Wno-deprecated-declarations  -O3 -DNDEBUG  -DNDEBUG -isysroot /Library/Developer/CommandLineTools/SDKs/MacOSX10.15.sdk -fPIE    -Wno-misleading-indentation -std=c++11 -MD -MT CMakeFiles/cmTC_a7033.dir/src.cxx.o -MF CMakeFiles/cmTC_a7033.dir/src.cxx.o.d -o CMakeFiles/cmTC_a7033.dir/src.cxx.o -c /Users/ashleyalexander-lee/GitHub/illuminate2D/illuminate2D/include/build_opencv/CMakeFiles/CMakeTmp/src.cxx
warning: unknown warning option '-Wno-misleading-indentation'; did you mean '-Wno-binding-in-condition'? [-Wunknown-warning-option]
/Users/ashleyalexander-lee/GitHub/illuminate2D/illuminate2D/include/build_opencv/CMakeFiles/CMakeTmp/src.cxx:1:8: warning: unknown pragma ignored [-Wunknown-pragmas]
#pragma
       ^
2 warnings generated.
Linking CXX executable cmTC_a7033
/Applications/CMake.app/Contents/bin/cmake -E cmake_link_script CMakeFiles/cmTC_a7033.dir/link.txt --verbose=1
/Library/Developer/CommandLineTools/usr/bin/c++    -fsigned-char -W -Wall -Werror=return-type -Werror=non-virtual-dtor -Werror=address -Werror=sequence-point -Wformat -Werror=format-security -Wmissing-prototypes -Wstrict-prototypes -Winit-self -Wpointer-arith -Wsign-promo -Wno-delete-non-virtual-dtor -Wno-unnamed-type-template-args -Wno-comment -fdiagnostics-show-option -Wno-long-long -Qunused-arguments -Wno-semicolon-before-method-body -ffunction-sections -fdata-sections  -fvisibility=hidden -fvisibility-inlines-hidden -Wno-shadow -Wno-unused -Wno-sign-compare -Wno-undef -Wno-missing-declarations -Wno-uninitialized -Wno-switch -Wno-parentheses -Wno-array-bounds -Wno-extra -Wno-deprecated-declarations  -O3 -DNDEBUG  -DNDEBUG -isysroot /Library/Developer/CommandLineTools/SDKs/MacOSX10.15.sdk -Wl,-search_paths_first -Wl,-headerpad_max_install_names   -Wl,-dead_strip  CMakeFiles/cmTC_a7033.dir/src.cxx.o -o cmTC_a7033 


===== END =====

Build output check failed:
    Regex: 'unknown .*option'
    Output line: 'warning: unknown warning option '-Wno-suggest-override', did you mean '-Wno-shift-overflow'? [-Wunknown-warning-option]'
Compilation failed:
    source file: '/Users/ashleyalexander-lee/GitHub/illuminate2D/illuminate2D/include/build_opencv/CMakeFiles/CMakeTmp/src.cxx'
    check option: ' -Wno-suggest-override'
===== BUILD LOG =====
Change Dir: /Users/ashleyalexander-lee/GitHub/illuminate2D/illuminate2D/include/build_opencv/CMakeFiles/CMakeTmp

Run Build Command(s):/usr/bin/make -f Makefile cmTC_8cda1/fast && /Library/Developer/CommandLineTools/usr/bin/make  -f CMakeFiles/cmTC_8cda1.dir/build.make CMakeFiles/cmTC_8cda1.dir/build
Building CXX object CMakeFiles/cmTC_8cda1.dir/src.cxx.o
/Library/Developer/CommandLineTools/usr/bin/c++   -fsigned-char -W -Wall -Werror=return-type -Werror=non-virtual-dtor -Werror=address -Werror=sequence-point -Wformat -Werror=format-security -Wmissing-prototypes -Wstrict-prototypes -Winit-self -Wpointer-arith -Wsign-promo -Wno-delete-non-virtual-dtor -Wno-unnamed-type-template-args -Wno-comment -fdiagnostics-show-option -Wno-long-long -Qunused-arguments -Wno-semicolon-before-method-body -ffunction-sections -fdata-sections  -fvisibility=hidden -fvisibility-inlines-hidden -Wno-shadow -Wno-unused -Wno-sign-compare -Wno-undef -Wno-missing-declarations -Wno-uninitialized -Wno-switch -Wno-parentheses -Wno-array-bounds -Wno-extra -Wno-deprecated-declarations -Wno-deprecated  -O3 -DNDEBUG  -DNDEBUG -isysroot /Library/Developer/CommandLineTools/SDKs/MacOSX10.15.sdk -fPIE    -Wno-suggest-override -std=c++11 -MD -MT CMakeFiles/cmTC_8cda1.dir/src.cxx.o -MF CMakeFiles/cmTC_8cda1.dir/src.cxx.o.d -o CMakeFiles/cmTC_8cda1.dir/src.cxx.o -c /Users/ashleyalexander-lee/GitHub/illuminate2D/illuminate2D/include/build_opencv/CMakeFiles/CMakeTmp/src.cxx
warning: unknown warning option '-Wno-suggest-override'; did you mean '-Wno-shift-overflow'? [-Wunknown-warning-option]
/Users/ashleyalexander-lee/GitHub/illuminate2D/illuminate2D/include/build_opencv/CMakeFiles/CMakeTmp/src.cxx:1:8: warning: unknown pragma ignored [-Wunknown-pragmas]
#pragma
       ^
2 warnings generated.
Linking CXX executable cmTC_8cda1
/Applications/CMake.app/Contents/bin/cmake -E cmake_link_script CMakeFiles/cmTC_8cda1.dir/link.txt --verbose=1
/Library/Developer/CommandLineTools/usr/bin/c++    -fsigned-char -W -Wall -Werror=return-type -Werror=non-virtual-dtor -Werror=address -Werror=sequence-point -Wformat -Werror=format-security -Wmissing-prototypes -Wstrict-prototypes -Winit-self -Wpointer-arith -Wsign-promo -Wno-delete-non-virtual-dtor -Wno-unnamed-type-template-args -Wno-comment -fdiagnostics-show-option -Wno-long-long -Qunused-arguments -Wno-semicolon-before-method-body -ffunction-sections -fdata-sections  -fvisibility=hidden -fvisibility-inlines-hidden -Wno-shadow -Wno-unused -Wno-sign-compare -Wno-undef -Wno-missing-declarations -Wno-uninitialized -Wno-switch -Wno-parentheses -Wno-array-bounds -Wno-extra -Wno-deprecated-declarations -Wno-deprecated  -O3 -DNDEBUG  -DNDEBUG -isysroot /Library/Developer/CommandLineTools/SDKs/MacOSX10.15.sdk -Wl,-search_paths_first -Wl,-headerpad_max_install_names   -Wl,-dead_strip  CMakeFiles/cmTC_8cda1.dir/src.cxx.o -o cmTC_8cda1 


===== END =====

Build output check failed:
    Regex: 'unknown .*option'
    Output line: 'warning: unknown warning option '-Wno-implicit-const-int-float-conversion', did you mean '-Wno-implicit-float-conversion'? [-Wunknown-warning-option]'
Compilation failed:
    source file: '/Users/ashleyalexander-lee/GitHub/illuminate2D/illuminate2D/include/build_opencv/CMakeFiles/CMakeTmp/src.cxx'
    check option: ' -Wno-implicit-const-int-float-conversion'
===== BUILD LOG =====
Change Dir: /Users/ashleyalexander-lee/GitHub/illuminate2D/illuminate2D/include/build_opencv/CMakeFiles/CMakeTmp

Run Build Command(s):/usr/bin/make -f Makefile cmTC_f45fb/fast && /Library/Developer/CommandLineTools/usr/bin/make  -f CMakeFiles/cmTC_f45fb.dir/build.make CMakeFiles/cmTC_f45fb.dir/build
Building CXX object CMakeFiles/cmTC_f45fb.dir/src.cxx.o
/Library/Developer/CommandLineTools/usr/bin/c++   -fsigned-char -W -Wall -Werror=return-type -Werror=non-virtual-dtor -Werror=address -Werror=sequence-point -Wformat -Werror=format-security -Wstrict-prototypes -Winit-self -Wpointer-arith -Wsign-promo -Wno-delete-non-virtual-dtor -Wno-unnamed-type-template-args -Wno-comment -fdiagnostics-show-option -Wno-long-long -Qunused-arguments -Wno-semicolon-before-method-body -ffunction-sections -fdata-sections  -fvisibility=hidden -fvisibility-inlines-hidden -Wno-shadow -Wno-unused -Wno-sign-compare -Wno-undef -Wno-missing-declarations -Wno-uninitialized -Wno-switch -Wno-parentheses -Wno-array-bounds -Wno-extra -Wno-deprecated-declarations -Wno-deprecated -Wno-inconsistent-missing-override -Wno-implicit-fallthrough -Wno-tautological-compare -Wno-missing-prototypes -Wno-reorder -Wno-unused-result  -O3 -DNDEBUG  -DNDEBUG -isysroot /Library/Developer/CommandLineTools/SDKs/MacOSX10.15.sdk -fPIE    -Wno-implicit-const-int-float-conversion -std=c++11 -MD -MT CMakeFiles/cmTC_f45fb.dir/src.cxx.o -MF CMakeFiles/cmTC_f45fb.dir/src.cxx.o.d -o CMakeFiles/cmTC_f45fb.dir/src.cxx.o -c /Users/ashleyalexander-lee/GitHub/illuminate2D/illuminate2D/include/build_opencv/CMakeFiles/CMakeTmp/src.cxx
warning: unknown warning option '-Wno-implicit-const-int-float-conversion'; did you mean '-Wno-implicit-float-conversion'? [-Wunknown-warning-option]
/Users/ashleyalexander-lee/GitHub/illuminate2D/illuminate2D/include/build_opencv/CMakeFiles/CMakeTmp/src.cxx:1:8: warning: unknown pragma ignored [-Wunknown-pragmas]
#pragma
       ^
2 warnings generated.
Linking CXX executable cmTC_f45fb
/Applications/CMake.app/Contents/bin/cmake -E cmake_link_script CMakeFiles/cmTC_f45fb.dir/link.txt --verbose=1
/Library/Developer/CommandLineTools/usr/bin/c++    -fsigned-char -W -Wall -Werror=return-type -Werror=non-virtual-dtor -Werror=address -Werror=sequence-point -Wformat -Werror=format-security -Wstrict-prototypes -Winit-self -Wpointer-arith -Wsign-promo -Wno-delete-non-virtual-dtor -Wno-unnamed-type-template-args -Wno-comment -fdiagnostics-show-option -Wno-long-long -Qunused-arguments -Wno-semicolon-before-method-body -ffunction-sections -fdata-sections  -fvisibility=hidden -fvisibility-inlines-hidden -Wno-shadow -Wno-unused -Wno-sign-compare -Wno-undef -Wno-missing-declarations -Wno-uninitialized -Wno-switch -Wno-parentheses -Wno-array-bounds -Wno-extra -Wno-deprecated-declarations -Wno-deprecated -Wno-inconsistent-missing-override -Wno-implicit-fallthrough -Wno-tautological-compare -Wno-missing-prototypes -Wno-reorder -Wno-unused-result  -O3 -DNDEBUG  -DNDEBUG -isysroot /Library/Developer/CommandLineTools/SDKs/MacOSX10.15.sdk -Wl,-search_paths_first -Wl,-headerpad_max_install_names   -Wl,-dead_strip  CMakeFiles/cmTC_f45fb.dir/src.cxx.o -o cmTC_f45fb 


===== END =====

Determining if the function sgemm_ exists failed with the following output:
Change Dir: /Users/ashleyalexander-lee/GitHub/illuminate2D/illuminate2D/include/build_opencv/CMakeFiles/CMakeTmp

Run Build Command(s):/usr/bin/make -f Makefile cmTC_dfaa1/fast && /Library/Developer/CommandLineTools/usr/bin/make  -f CMakeFiles/cmTC_dfaa1.dir/build.make CMakeFiles/cmTC_dfaa1.dir/build
Building C object CMakeFiles/cmTC_dfaa1.dir/CheckFunctionExists.c.o
/Library/Developer/CommandLineTools/usr/bin/cc   -fsigned-char -W -Wall -Werror=return-type -Werror=non-virtual-dtor -Werror=address -Werror=sequence-point -Wformat -Werror=format-security -Wmissing-declarations -Wmissing-prototypes -Wstrict-prototypes -Wundef -Winit-self -Wpointer-arith -Wshadow -Wsign-promo -Wuninitialized -Wno-delete-non-virtual-dtor -Wno-unnamed-type-template-args -Wno-comment -fdiagnostics-show-option -Wno-long-long -Qunused-arguments -Wno-semicolon-before-method-body -ffunction-sections -fdata-sections  -fvisibility=hidden -fvisibility-inlines-hidden -DCHECK_FUNCTION_EXISTS=sgemm_ -O3 -DNDEBUG  -DNDEBUG -isysroot /Library/Developer/CommandLineTools/SDKs/MacOSX10.15.sdk -fPIE -MD -MT CMakeFiles/cmTC_dfaa1.dir/CheckFunctionExists.c.o -MF CMakeFiles/cmTC_dfaa1.dir/CheckFunctionExists.c.o.d -o CMakeFiles/cmTC_dfaa1.dir/CheckFunctionExists.c.o -c /Applications/CMake.app/Contents/share/cmake-3.20/Modules/CheckFunctionExists.c
Linking C executable cmTC_dfaa1
/Applications/CMake.app/Contents/bin/cmake -E cmake_link_script CMakeFiles/cmTC_dfaa1.dir/link.txt --verbose=1
/Library/Developer/CommandLineTools/usr/bin/cc    -fsigned-char -W -Wall -Werror=return-type -Werror=non-virtual-dtor -Werror=address -Werror=sequence-point -Wformat -Werror=format-security -Wmissing-declarations -Wmissing-prototypes -Wstrict-prototypes -Wundef -Winit-self -Wpointer-arith -Wshadow -Wsign-promo -Wuninitialized -Wno-delete-non-virtual-dtor -Wno-unnamed-type-template-args -Wno-comment -fdiagnostics-show-option -Wno-long-long -Qunused-arguments -Wno-semicolon-before-method-body -ffunction-sections -fdata-sections  -fvisibility=hidden -fvisibility-inlines-hidden -DCHECK_FUNCTION_EXISTS=sgemm_ -O3 -DNDEBUG  -DNDEBUG -isysroot /Library/Developer/CommandLineTools/SDKs/MacOSX10.15.sdk -Wl,-search_paths_first -Wl,-headerpad_max_install_names   -Wl,-dead_strip  CMakeFiles/cmTC_dfaa1.dir/CheckFunctionExists.c.o -o cmTC_dfaa1 
Undefined symbols for architecture x86_64:
  "_sgemm_", referenced from:
      _main in CheckFunctionExists.c.o
ld: symbol(s) not found for architecture x86_64
clang: error: linker command failed with exit code 1 (use -v to see invocation)
make[1]: *** [cmTC_dfaa1] Error 1
make: *** [cmTC_dfaa1/fast] Error 2



